Log file open, 03/08/22 18:53:40
LogWindows: Failed to load 'aqProf.dll' (GetLastError=126)
LogWindows: File 'aqProf.dll' does not exist
LogWindows: Failed to load 'VtuneApi.dll' (GetLastError=126)
LogWindows: File 'VtuneApi.dll' does not exist
LogWindows: Failed to load 'VtuneApi32e.dll' (GetLastError=126)
LogWindows: File 'VtuneApi32e.dll' does not exist
LogConsoleResponse: Display: Failed to find resolution value strings in scalability ini. Falling back to default.
LogConsoleResponse: Display: Failed to find resolution value strings in scalability ini. Falling back to default.
LogInit: Display: Running engine for game: Quiz2
LogPlatformFile: Not using cached read wrapper
LogTaskGraph: Started task graph with 5 named threads and 23 total threads with 3 sets of task threads.
LogStats: Stats thread started at 0.304594
LogICUInternationalization: ICU TimeZone Detection - Raw Offset: -5:00, Platform Override: ''
LogInit: Display: Loading text-based GConfig....
LogPluginManager: Mounting plugin MeshPainting
LogPluginManager: Mounting plugin XGEController
LogPluginManager: Mounting plugin Paper2D
LogPluginManager: Mounting plugin LiveLink
LogPluginManager: Mounting plugin AISupport
LogPluginManager: Mounting plugin EnvironmentQueryEditor
LogPluginManager: Mounting plugin LightPropagationVolume
LogPluginManager: Mounting plugin AnimationSharing
LogPluginManager: Mounting plugin CLionSourceCodeAccess
LogPluginManager: Mounting plugin CodeLiteSourceCodeAccess
LogPluginManager: Mounting plugin GitSourceControl
LogPluginManager: Mounting plugin KDevelopSourceCodeAccess
LogPluginManager: Mounting plugin NullSourceCodeAccess
LogPluginManager: Mounting plugin PerforceSourceControl
LogPluginManager: Mounting plugin PluginUtils
LogPluginManager: Mounting plugin PixWinPlugin
LogPluginManager: Mounting plugin PlasticSourceControl
LogPluginManager: Mounting plugin OodleData
LogPluginManager: Mounting plugin OodleNetwork
LogPluginManager: Mounting plugin PropertyAccessNode
LogPluginManager: Mounting plugin RiderSourceCodeAccess
LogPluginManager: Mounting plugin SubversionSourceControl
LogPluginManager: Mounting plugin TextureFormatOodle
LogPluginManager: Mounting plugin UObjectPlugin
LogPluginManager: Mounting plugin AssetManagerEditor
LogPluginManager: Mounting plugin VisualStudioSourceCodeAccess
LogPluginManager: Mounting plugin XCodeSourceCodeAccess
LogPluginManager: Mounting plugin VisualStudioCodeSourceCodeAccess
LogPluginManager: Mounting plugin CryptoKeys
LogPluginManager: Mounting plugin CurveEditorTools
LogPluginManager: Mounting plugin FacialAnimation
LogPluginManager: Mounting plugin DataValidation
LogPluginManager: Mounting plugin GameplayTagsEditor
LogPluginManager: Mounting plugin GeometryMode
LogPluginManager: Mounting plugin MacGraphicsSwitching
LogPluginManager: Mounting plugin MaterialAnalyzer
LogPluginManager: Mounting plugin MobileLauncherProfileWizard
LogPluginManager: Mounting plugin PluginBrowser
LogPluginManager: Mounting plugin SpeedTreeImporter
LogPluginManager: Mounting plugin Niagara
LogPluginManager: Mounting plugin AlembicImporter
LogPluginManager: Mounting plugin AutomationUtils
LogPluginManager: Mounting plugin BackChannel
LogPluginManager: Mounting plugin ChaosCloth
LogPluginManager: Mounting plugin ChaosClothEditor
LogPluginManager: Mounting plugin ChaosEditor
LogPluginManager: Mounting plugin ChaosNiagara
LogPluginManager: Mounting plugin ChaosSolverPlugin
LogPluginManager: Mounting plugin LuminPlatformFeatures
LogPluginManager: Mounting plugin CharacterAI
LogPluginManager: Mounting plugin MagicLeap
LogPluginManager: Mounting plugin MagicLeapLightEstimation
LogPluginManager: Mounting plugin MagicLeapMedia
LogPluginManager: Mounting plugin MagicLeapPassableWorld
LogPluginManager: Mounting plugin MLSDK
LogPluginManager: Mounting plugin AndroidMedia
LogPluginManager: Mounting plugin AvfMedia
LogPluginManager: Mounting plugin GeometryCache
LogPluginManager: Mounting plugin GeometryCollectionPlugin
LogPluginManager: Mounting plugin GeometryProcessing
LogPluginManager: Mounting plugin ImgMedia
LogPluginManager: Mounting plugin MotoSynth
LogPluginManager: Mounting plugin OpenImageDenoise
LogPluginManager: Mounting plugin MediaCompositing
LogPluginManager: Mounting plugin PlanarCut
LogPluginManager: Mounting plugin ProxyLODPlugin
LogPluginManager: Mounting plugin PlatformCrypto
LogPluginManager: Mounting plugin PythonScriptPlugin
LogPluginManager: Mounting plugin MediaPlayerEditor
LogPluginManager: Mounting plugin WebMMedia
LogPluginManager: Mounting plugin WmfMedia
LogPluginManager: Mounting plugin SkeletalReduction
LogPluginManager: Mounting plugin UdpMessaging
LogPluginManager: Mounting plugin TcpMessaging
LogPluginManager: Mounting plugin ActorSequence
LogPluginManager: Mounting plugin LevelSequenceEditor
LogPluginManager: Mounting plugin MatineeToLevelSequence
LogPluginManager: Mounting plugin TemplateSequence
LogPluginManager: Mounting plugin OnlineSubsystem
LogPluginManager: Mounting plugin OnlineSubsystemNull
LogPluginManager: Mounting plugin OnlineSubsystemUtils
LogPluginManager: Mounting plugin LauncherChunkInstaller
LogPluginManager: Mounting plugin ActorLayerUtilities
LogPluginManager: Mounting plugin AndroidDeviceProfileSelector
LogPluginManager: Mounting plugin AndroidMoviePlayer
LogPluginManager: Mounting plugin AndroidPermission
LogPluginManager: Mounting plugin AppleImageUtils
LogPluginManager: Mounting plugin AppleMoviePlayer
LogPluginManager: Mounting plugin ArchVisCharacter
LogPluginManager: Mounting plugin AudioCapture
LogPluginManager: Mounting plugin AssetTags
LogPluginManager: Mounting plugin AudioSynesthesia
LogPluginManager: Mounting plugin CableComponent
LogPluginManager: Mounting plugin ChunkDownloader
LogPluginManager: Mounting plugin CustomMeshComponent
LogPluginManager: Mounting plugin EditableMesh
LogPluginManager: Mounting plugin ExampleDeviceProfileSelector
LogPluginManager: Mounting plugin ScreenshotTools
LogPluginManager: Mounting plugin GoogleCloudMessaging
LogPluginManager: Mounting plugin GooglePAD
LogPluginManager: Mounting plugin IOSDeviceProfileSelector
LogPluginManager: Mounting plugin LinuxDeviceProfileSelector
LogPluginManager: Mounting plugin LocationServicesBPLibrary
LogPluginManager: Mounting plugin MobilePatchingUtils
LogPluginManager: Mounting plugin OpenXR
LogPluginManager: Mounting plugin OpenXREyeTracker
LogPluginManager: Mounting plugin OpenXRHandTracking
LogPluginManager: Mounting plugin PhysXVehicles
LogPluginManager: Mounting plugin PostSplashScreen
LogPluginManager: Mounting plugin ProceduralMeshComponent
LogPluginManager: Mounting plugin PropertyAccessEditor
LogPluginManager: Mounting plugin RuntimePhysXCooking
LogPluginManager: Mounting plugin SignificanceManager
LogPluginManager: Mounting plugin SoundFields
LogPluginManager: Mounting plugin Synthesis
LogPluginManager: Mounting plugin WebMMoviePlayer
LogPluginManager: Mounting plugin WindowsMoviePlayer
LogPluginManager: Mounting plugin Takes
LogPluginManager: Mounting plugin CameraShakePreviewer
LogPluginManager: Mounting plugin GameplayCameras
LogPluginManager: Mounting plugin DatasmithContent
LogPluginManager: Mounting plugin VariantManagerContent
LogPluginManager: Mounting plugin ContentBrowserClassDataSource
LogPluginManager: Mounting plugin ContentBrowserAssetDataSource
LogPluginManager: Mounting plugin ContentBrowserFileDataSource
LogPluginManager: Mounting plugin OnlineSubsystemGooglePlay
LogPluginManager: Mounting plugin OnlineSubsystemIOS
LogPluginManager: Mounting plugin OculusVR
LogPluginManager: Mounting plugin SteamVR
PixWinPlugin: PIX capture plugin failed to initialize! Check that the process is launched from PIX.
LogLuminAPIImpl: Warning: MLSDK not found.  This likely means the MLSDK environment variable is not set.
LogInit: Using libcurl 7.55.1-DEV
LogInit:  - built for x86_64-pc-win32
LogInit:  - supports SSL with OpenSSL/1.1.1
LogInit:  - supports HTTP deflate (compression) using libz 1.2.8
LogInit:  - other features:
LogInit:      CURL_VERSION_SSL
LogInit:      CURL_VERSION_LIBZ
LogInit:      CURL_VERSION_IPV6
LogInit:      CURL_VERSION_ASYNCHDNS
LogInit:      CURL_VERSION_LARGEFILE
LogInit:      CURL_VERSION_IDN
LogInit:  CurlRequestOptions (configurable via config and command line):
LogInit:  - bVerifyPeer = true  - Libcurl will verify peer certificate
LogInit:  - bUseHttpProxy = false  - Libcurl will NOT use HTTP proxy
LogInit:  - bDontReuseConnections = false  - Libcurl will reuse connections
LogInit:  - MaxHostConnections = 16  - Libcurl will limit the number of connections to a host
LogInit:  - LocalHostAddr = Default
LogInit:  - BufferSize = 65536
LogOnline: OSS: Creating online subsystem instance for: NULL
LogInit: WinSock: version 1.1 (2.2), MaxSocks=32767, MaxUdp=65467
LogOnline: OSS: TryLoadSubsystemAndSetDefault: Loaded subsystem for module [NULL]
LogOculusPluginWrapper: OculusPlugin initialized successfully
LogHMD: Failed initializing OVRPlugin 1.59.0
LogInit: Build: ++UE4+Release-4.27-CL-18319896
LogInit: Engine Version: 4.27.2-18319896+++UE4+Release-4.27
LogInit: Compatible Engine Version: 4.27.0-17155196+++UE4+Release-4.27
LogInit: Net CL: 17155196
LogInit: OS: Windows 10 (Release 2009) (), CPU: Intel(R) Core(TM) i7-4720HQ CPU @ 2.60GHz, GPU: Intel(R) HD Graphics 4600
LogInit: Compiled (64-bit): Nov 30 2021 07:12:08
LogInit: Compiled with Visual C++: 19.24.28315.00
LogInit: Build Configuration: Development
LogInit: Branch Name: ++UE4+Release-4.27
LogInit: Command Line: 
LogInit: Base Directory: C:/Program Files/Epic Games/UE_4.27/Engine/Binaries/Win64/
LogInit: Allocator: TBB
LogInit: Installed Engine Build: 1
LogDevObjectVersion: Number of dev versions registered: 29
LogDevObjectVersion:   Dev-Blueprints (B0D832E4-1F89-4F0D-ACCF-7EB736FD4AA2): 10
LogDevObjectVersion:   Dev-Build (E1C64328-A22C-4D53-A36C-8E866417BD8C): 0
LogDevObjectVersion:   Dev-Core (375EC13C-06E4-48FB-B500-84F0262A717E): 4
LogDevObjectVersion:   Dev-Editor (E4B068ED-F494-42E9-A231-DA0B2E46BB41): 40
LogDevObjectVersion:   Dev-Framework (CFFC743F-43B0-4480-9391-14DF171D2073): 37
LogDevObjectVersion:   Dev-Mobile (B02B49B5-BB20-44E9-A304-32B752E40360): 3
LogDevObjectVersion:   Dev-Networking (A4E4105C-59A1-49B5-A7C5-40C4547EDFEE): 0
LogDevObjectVersion:   Dev-Online (39C831C9-5AE6-47DC-9A44-9C173E1C8E7C): 0
LogDevObjectVersion:   Dev-Physics (78F01B33-EBEA-4F98-B9B4-84EACCB95AA2): 14
LogDevObjectVersion:   Dev-Platform (6631380F-2D4D-43E0-8009-CF276956A95A): 0
LogDevObjectVersion:   Dev-Rendering (12F88B9F-8875-4AFC-A67C-D90C383ABD29): 45
LogDevObjectVersion:   Dev-Sequencer (7B5AE74C-D270-4C10-A958-57980B212A5A): 13
LogDevObjectVersion:   Dev-VR (D7296918-1DD6-4BDD-9DE2-64A83CC13884): 3
LogDevObjectVersion:   Dev-LoadTimes (C2A15278-BFE7-4AFE-6C17-90FF531DF755): 1
LogDevObjectVersion:   Private-Geometry (6EACA3D4-40EC-4CC1-B786-8BED09428FC5): 3
LogDevObjectVersion:   Dev-AnimPhys (29E575DD-E0A3-4627-9D10-D276232CDCEA): 17
LogDevObjectVersion:   Dev-Anim (AF43A65D-7FD3-4947-9873-3E8ED9C1BB05): 15
LogDevObjectVersion:   Dev-ReflectionCapture (6B266CEC-1EC7-4B8F-A30B-E4D90942FC07): 1
LogDevObjectVersion:   Dev-Automation (0DF73D61-A23F-47EA-B727-89E90C41499A): 1
LogDevObjectVersion:   FortniteMain (601D1886-AC64-4F84-AA16-D3DE0DEAC7D6): 47
LogDevObjectVersion:   FortniteRelease (E7086368-6B23-4C58-8439-1B7016265E91): 1
LogDevObjectVersion:   Dev-Enterprise (9DFFBCD6-494F-0158-E221-12823C92A888): 10
LogDevObjectVersion:   Dev-Niagara (F2AED0AC-9AFE-416F-8664-AA7FFA26D6FC): 1
LogDevObjectVersion:   Dev-Destruction (174F1F0B-B4C6-45A5-B13F-2EE8D0FB917D): 10
LogDevObjectVersion:   Dev-Physics-Ext (35F94A83-E258-406C-A318-09F59610247C): 41
LogDevObjectVersion:   Dev-PhysicsMaterial-Chaos (B68FC16E-8B1B-42E2-B453-215C058844FE): 1
LogDevObjectVersion:   Dev-CineCamera (B2E18506-4273-CFC2-A54E-F4BB758BBA07): 1
LogDevObjectVersion:   Dev-VirtualProduction (64F58936-FD1B-42BA-BA96-7289D5D0FA4E): 1
LogDevObjectVersion:   Dev-MediaFramework (6F0ED827-A609-4895-9C91-998D90180EA4): 2
LogInit: Presizing for max 25165824 objects, including 0 objects not considered by GC, pre-allocating 0 bytes for permanent pool.
LogConfig: Applying CVar settings from Section [/Script/Engine.StreamingSettings] File [C:/Users/oxthe/Desktop/GPR-300-51/GPR300Quiz2/Quiz2/Saved/Config/Windows/Engine.ini]
LogConfig: Setting CVar [[s.MinBulkDataSizeForAsyncLoading:131072]]
LogConfig: Setting CVar [[s.AsyncLoadingThreadEnabled:0]]
LogConfig: Setting CVar [[s.EventDrivenLoaderEnabled:1]]
LogConfig: Setting CVar [[s.WarnIfTimeLimitExceeded:0]]
LogConfig: Setting CVar [[s.TimeLimitExceededMultiplier:1.5]]
LogConfig: Setting CVar [[s.TimeLimitExceededMinTime:0.005]]
LogConfig: Setting CVar [[s.UseBackgroundLevelStreaming:1]]
LogConfig: Setting CVar [[s.PriorityAsyncLoadingExtraTime:15.0]]
LogConfig: Setting CVar [[s.LevelStreamingActorsUpdateTimeLimit:5.0]]
LogConfig: Setting CVar [[s.PriorityLevelStreamingActorsUpdateExtraTime:5.0]]
LogConfig: Setting CVar [[s.LevelStreamingComponentsRegistrationGranularity:10]]
LogConfig: Setting CVar [[s.UnregisterComponentsTimeLimit:1.0]]
LogConfig: Setting CVar [[s.LevelStreamingComponentsUnregistrationGranularity:5]]
LogConfig: Setting CVar [[s.FlushStreamingOnExit:1]]
LogInit: Object subsystem initialized
LogConfig: Setting CVar [[con.DebugEarlyDefault:1]]
LogConfig: Setting CVar [[r.setres:1280x720]]
[2022.03.08-23.53.41:767][  0]LogConfig: Setting CVar [[r.VSync:0]]
[2022.03.08-23.53.41:767][  0]LogConfig: Setting CVar [[r.RHICmdBypass:0]]
[2022.03.08-23.53.41:767][  0]LogConfig: Applying CVar settings from Section [/Script/Engine.RendererSettings] File [C:/Users/oxthe/Desktop/GPR-300-51/GPR300Quiz2/Quiz2/Saved/Config/Windows/Engine.ini]
[2022.03.08-23.53.41:767][  0]LogConfig: Setting CVar [[r.GPUCrashDebugging:0]]
[2022.03.08-23.53.41:767][  0]LogConfig: Applying CVar settings from Section [/Script/Engine.RendererOverrideSettings] File [C:/Users/oxthe/Desktop/GPR-300-51/GPR300Quiz2/Quiz2/Saved/Config/Windows/Engine.ini]
[2022.03.08-23.53.41:767][  0]LogConfig: Applying CVar settings from Section [/Script/Engine.StreamingSettings] File [C:/Users/oxthe/Desktop/GPR-300-51/GPR300Quiz2/Quiz2/Saved/Config/Windows/Engine.ini]
[2022.03.08-23.53.41:767][  0]LogConfig: Setting CVar [[s.MinBulkDataSizeForAsyncLoading:131072]]
[2022.03.08-23.53.41:767][  0]LogConfig: Setting CVar [[s.AsyncLoadingThreadEnabled:0]]
[2022.03.08-23.53.41:767][  0]LogConfig: Setting CVar [[s.EventDrivenLoaderEnabled:1]]
[2022.03.08-23.53.41:767][  0]LogConfig: Setting CVar [[s.WarnIfTimeLimitExceeded:0]]
[2022.03.08-23.53.41:767][  0]LogConfig: Setting CVar [[s.TimeLimitExceededMultiplier:1.5]]
[2022.03.08-23.53.41:767][  0]LogConfig: Setting CVar [[s.TimeLimitExceededMinTime:0.005]]
[2022.03.08-23.53.41:767][  0]LogConfig: Setting CVar [[s.UseBackgroundLevelStreaming:1]]
[2022.03.08-23.53.41:767][  0]LogConfig: Setting CVar [[s.PriorityAsyncLoadingExtraTime:15.0]]
[2022.03.08-23.53.41:767][  0]LogConfig: Setting CVar [[s.LevelStreamingActorsUpdateTimeLimit:5.0]]
[2022.03.08-23.53.41:767][  0]LogConfig: Setting CVar [[s.PriorityLevelStreamingActorsUpdateExtraTime:5.0]]
[2022.03.08-23.53.41:767][  0]LogConfig: Setting CVar [[s.LevelStreamingComponentsRegistrationGranularity:10]]
[2022.03.08-23.53.41:767][  0]LogConfig: Setting CVar [[s.UnregisterComponentsTimeLimit:1.0]]
[2022.03.08-23.53.41:767][  0]LogConfig: Setting CVar [[s.LevelStreamingComponentsUnregistrationGranularity:5]]
[2022.03.08-23.53.41:767][  0]LogConfig: Setting CVar [[s.FlushStreamingOnExit:1]]
[2022.03.08-23.53.41:767][  0]LogConfig: Applying CVar settings from Section [/Script/Engine.GarbageCollectionSettings] File [C:/Users/oxthe/Desktop/GPR-300-51/GPR300Quiz2/Quiz2/Saved/Config/Windows/Engine.ini]
[2022.03.08-23.53.41:767][  0]LogConfig: Setting CVar [[gc.MaxObjectsNotConsideredByGC:1]]
[2022.03.08-23.53.41:767][  0]LogConfig: Setting CVar [[gc.SizeOfPermanentObjectPool:0]]
[2022.03.08-23.53.41:767][  0]LogConfig: Setting CVar [[gc.FlushStreamingOnGC:0]]
[2022.03.08-23.53.41:767][  0]LogConfig: Setting CVar [[gc.NumRetriesBeforeForcingGC:10]]
[2022.03.08-23.53.41:767][  0]LogConfig: Setting CVar [[gc.AllowParallelGC:1]]
[2022.03.08-23.53.41:767][  0]LogConfig: Setting CVar [[gc.TimeBetweenPurgingPendingKillObjects:61.1]]
[2022.03.08-23.53.41:767][  0]LogConfig: Setting CVar [[gc.MaxObjectsInEditor:25165824]]
[2022.03.08-23.53.41:767][  0]LogConfig: Setting CVar [[gc.IncrementalBeginDestroyEnabled:1]]
[2022.03.08-23.53.41:767][  0]LogConfig: Setting CVar [[gc.CreateGCClusters:1]]
[2022.03.08-23.53.41:767][  0]LogConfig: Setting CVar [[gc.MinGCClusterSize:5]]
[2022.03.08-23.53.41:767][  0]LogConfig: Setting CVar [[gc.ActorClusteringEnabled:0]]
[2022.03.08-23.53.41:767][  0]LogConfig: Setting CVar [[gc.BlueprintClusteringEnabled:0]]
[2022.03.08-23.53.41:767][  0]LogConfig: Setting CVar [[gc.UseDisregardForGCOnDedicatedServers:0]]
[2022.03.08-23.53.41:767][  0]LogConfig: Setting CVar [[gc.MultithreadedDestructionEnabled:1]]
[2022.03.08-23.53.41:767][  0]LogConfig: Applying CVar settings from Section [/Script/Engine.NetworkSettings] File [C:/Users/oxthe/Desktop/GPR-300-51/GPR300Quiz2/Quiz2/Saved/Config/Windows/Engine.ini]
[2022.03.08-23.53.41:767][  0]LogConfig: Applying CVar settings from Section [/Script/UnrealEd.CookerSettings] File [C:/Users/oxthe/Desktop/GPR-300-51/GPR300Quiz2/Quiz2/Saved/Config/Windows/Engine.ini]
[2022.03.08-23.53.41:775][  0]LogConfig: Applying CVar settings from Section [ViewDistanceQuality@3] File [C:/Users/oxthe/Desktop/GPR-300-51/GPR300Quiz2/Quiz2/Saved/Config/Windows/Scalability.ini]
[2022.03.08-23.53.41:775][  0]LogConfig: Setting CVar [[r.SkeletalMeshLODBias:0]]
[2022.03.08-23.53.41:775][  0]LogConfig: Setting CVar [[r.ViewDistanceScale:1.0]]
[2022.03.08-23.53.41:775][  0]LogConfig: Applying CVar settings from Section [AntiAliasingQuality@3] File [C:/Users/oxthe/Desktop/GPR-300-51/GPR300Quiz2/Quiz2/Saved/Config/Windows/Scalability.ini]
[2022.03.08-23.53.41:775][  0]LogConfig: Setting CVar [[r.PostProcessAAQuality:4]]
[2022.03.08-23.53.41:775][  0]LogConfig: Applying CVar settings from Section [ShadowQuality@3] File [C:/Users/oxthe/Desktop/GPR-300-51/GPR300Quiz2/Quiz2/Saved/Config/Windows/Scalability.ini]
[2022.03.08-23.53.41:775][  0]LogConfig: Setting CVar [[r.LightFunctionQuality:1]]
[2022.03.08-23.53.41:775][  0]LogConfig: Setting CVar [[r.ShadowQuality:5]]
[2022.03.08-23.53.41:775][  0]LogConfig: Setting CVar [[r.Shadow.CSM.MaxCascades:10]]
[2022.03.08-23.53.41:775][  0]LogConfig: Setting CVar [[r.Shadow.MaxResolution:2048]]
[2022.03.08-23.53.41:775][  0]LogConfig: Setting CVar [[r.Shadow.MaxCSMResolution:2048]]
[2022.03.08-23.53.41:775][  0]LogConfig: Setting CVar [[r.Shadow.RadiusThreshold:0.01]]
[2022.03.08-23.53.41:776][  0]LogConfig: Setting CVar [[r.Shadow.DistanceScale:1.0]]
[2022.03.08-23.53.41:776][  0]LogConfig: Setting CVar [[r.Shadow.CSM.TransitionScale:1.0]]
[2022.03.08-23.53.41:776][  0]LogConfig: Setting CVar [[r.Shadow.PreShadowResolutionFactor:1.0]]
[2022.03.08-23.53.41:776][  0]LogConfig: Setting CVar [[r.DistanceFieldShadowing:1]]
[2022.03.08-23.53.41:776][  0]LogConfig: Setting CVar [[r.DistanceFieldAO:1]]
[2022.03.08-23.53.41:776][  0]LogConfig: Setting CVar [[r.AOQuality:2]]
[2022.03.08-23.53.41:776][  0]LogConfig: Setting CVar [[r.VolumetricFog:1]]
[2022.03.08-23.53.41:776][  0]LogConfig: Setting CVar [[r.VolumetricFog.GridPixelSize:8]]
[2022.03.08-23.53.41:776][  0]LogConfig: Setting CVar [[r.VolumetricFog.GridSizeZ:128]]
[2022.03.08-23.53.41:776][  0]LogConfig: Setting CVar [[r.VolumetricFog.HistoryMissSupersampleCount:4]]
[2022.03.08-23.53.41:776][  0]LogConfig: Setting CVar [[r.LightMaxDrawDistanceScale:1]]
[2022.03.08-23.53.41:776][  0]LogConfig: Setting CVar [[r.CapsuleShadows:1]]
[2022.03.08-23.53.41:776][  0]LogConfig: Applying CVar settings from Section [PostProcessQuality@3] File [C:/Users/oxthe/Desktop/GPR-300-51/GPR300Quiz2/Quiz2/Saved/Config/Windows/Scalability.ini]
[2022.03.08-23.53.41:776][  0]LogConfig: Setting CVar [[r.MotionBlurQuality:4]]
[2022.03.08-23.53.41:776][  0]LogConfig: Setting CVar [[r.AmbientOcclusionMipLevelFactor:0.4]]
[2022.03.08-23.53.41:776][  0]LogConfig: Setting CVar [[r.AmbientOcclusionMaxQuality:100]]
[2022.03.08-23.53.41:776][  0]LogConfig: Setting CVar [[r.AmbientOcclusionLevels:-1]]
[2022.03.08-23.53.41:776][  0]LogConfig: Setting CVar [[r.AmbientOcclusionRadiusScale:1.0]]
[2022.03.08-23.53.41:776][  0]LogConfig: Setting CVar [[r.DepthOfFieldQuality:2]]
[2022.03.08-23.53.41:776][  0]LogConfig: Setting CVar [[r.RenderTargetPoolMin:400]]
[2022.03.08-23.53.41:776][  0]LogConfig: Setting CVar [[r.LensFlareQuality:2]]
[2022.03.08-23.53.41:776][  0]LogConfig: Setting CVar [[r.SceneColorFringeQuality:1]]
[2022.03.08-23.53.41:776][  0]LogConfig: Setting CVar [[r.EyeAdaptationQuality:2]]
[2022.03.08-23.53.41:776][  0]LogConfig: Setting CVar [[r.BloomQuality:5]]
[2022.03.08-23.53.41:776][  0]LogConfig: Setting CVar [[r.FastBlurThreshold:100]]
[2022.03.08-23.53.41:776][  0]LogConfig: Setting CVar [[r.Upscale.Quality:3]]
[2022.03.08-23.53.41:776][  0]LogConfig: Setting CVar [[r.Tonemapper.GrainQuantization:1]]
[2022.03.08-23.53.41:776][  0]LogConfig: Setting CVar [[r.LightShaftQuality:1]]
[2022.03.08-23.53.41:776][  0]LogConfig: Setting CVar [[r.Filter.SizeScale:1]]
[2022.03.08-23.53.41:776][  0]LogConfig: Setting CVar [[r.Tonemapper.Quality:5]]
[2022.03.08-23.53.41:776][  0]LogConfig: Setting CVar [[r.DOF.Gather.AccumulatorQuality:1        ; higher gathering accumulator quality]]
[2022.03.08-23.53.41:776][  0]LogConfig: Setting CVar [[r.DOF.Gather.PostfilterMethod:1          ; Median3x3 postfilering method]]
[2022.03.08-23.53.41:776][  0]LogConfig: Setting CVar [[r.DOF.Gather.EnableBokehSettings:0       ; no bokeh simulation when gathering]]
[2022.03.08-23.53.41:776][  0]LogConfig: Setting CVar [[r.DOF.Gather.RingCount:4                 ; medium number of samples when gathering]]
[2022.03.08-23.53.41:776][  0]LogConfig: Setting CVar [[r.DOF.Scatter.ForegroundCompositing:1    ; additive foreground scattering]]
[2022.03.08-23.53.41:776][  0]LogConfig: Setting CVar [[r.DOF.Scatter.BackgroundCompositing:2    ; additive background scattering]]
[2022.03.08-23.53.41:776][  0]LogConfig: Setting CVar [[r.DOF.Scatter.EnableBokehSettings:1      ; bokeh simulation when scattering]]
[2022.03.08-23.53.41:776][  0]LogConfig: Setting CVar [[r.DOF.Scatter.MaxSpriteRatio:0.1         ; only a maximum of 10% of scattered bokeh]]
[2022.03.08-23.53.41:776][  0]LogConfig: Setting CVar [[r.DOF.Recombine.Quality:1                ; cheap slight out of focus]]
[2022.03.08-23.53.41:776][  0]LogConfig: Setting CVar [[r.DOF.Recombine.EnableBokehSettings:0    ; no bokeh simulation on slight out of focus]]
[2022.03.08-23.53.41:776][  0]LogConfig: Setting CVar [[r.DOF.TemporalAAQuality:1                ; more stable temporal accumulation]]
[2022.03.08-23.53.41:776][  0]LogConfig: Setting CVar [[r.DOF.Kernel.MaxForegroundRadius:0.025]]
[2022.03.08-23.53.41:776][  0]LogConfig: Setting CVar [[r.DOF.Kernel.MaxBackgroundRadius:0.025]]
[2022.03.08-23.53.41:776][  0]LogConfig: Applying CVar settings from Section [TextureQuality@3] File [C:/Users/oxthe/Desktop/GPR-300-51/GPR300Quiz2/Quiz2/Saved/Config/Windows/Scalability.ini]
[2022.03.08-23.53.41:776][  0]LogConfig: Setting CVar [[r.Streaming.MipBias:0]]
[2022.03.08-23.53.41:776][  0]LogConfig: Setting CVar [[r.Streaming.AmortizeCPUToGPUCopy:0]]
[2022.03.08-23.53.41:776][  0]LogConfig: Setting CVar [[r.Streaming.MaxNumTexturesToStreamPerFrame:0]]
[2022.03.08-23.53.41:776][  0]LogConfig: Setting CVar [[r.Streaming.Boost:1]]
[2022.03.08-23.53.41:776][  0]LogConfig: Setting CVar [[r.MaxAnisotropy:8]]
[2022.03.08-23.53.41:776][  0]LogConfig: Setting CVar [[r.VT.MaxAnisotropy:8]]
[2022.03.08-23.53.41:776][  0]LogConfig: Setting CVar [[r.Streaming.LimitPoolSizeToVRAM:0]]
[2022.03.08-23.53.41:776][  0]LogConfig: Setting CVar [[r.Streaming.PoolSize:1000]]
[2022.03.08-23.53.41:776][  0]LogConfig: Setting CVar [[r.Streaming.MaxEffectiveScreenSize:0]]
[2022.03.08-23.53.41:776][  0]LogConfig: Applying CVar settings from Section [EffectsQuality@3] File [C:/Users/oxthe/Desktop/GPR-300-51/GPR300Quiz2/Quiz2/Saved/Config/Windows/Scalability.ini]
[2022.03.08-23.53.41:776][  0]LogConfig: Setting CVar [[r.TranslucencyLightingVolumeDim:64]]
[2022.03.08-23.53.41:776][  0]LogConfig: Setting CVar [[r.RefractionQuality:2]]
[2022.03.08-23.53.41:776][  0]LogConfig: Setting CVar [[r.SSR.Quality:3]]
[2022.03.08-23.53.41:776][  0]LogConfig: Setting CVar [[r.SSR.HalfResSceneColor:0]]
[2022.03.08-23.53.41:776][  0]LogConfig: Setting CVar [[r.SceneColorFormat:4]]
[2022.03.08-23.53.41:776][  0]LogConfig: Setting CVar [[r.DetailMode:2]]
[2022.03.08-23.53.41:776][  0]LogConfig: Setting CVar [[r.TranslucencyVolumeBlur:1]]
[2022.03.08-23.53.41:776][  0]LogConfig: Setting CVar [[r.MaterialQualityLevel:1 ; High quality]]
[2022.03.08-23.53.41:776][  0]LogConfig: Setting CVar [[r.AnisotropicMaterials:1]]
[2022.03.08-23.53.41:777][  0]LogConfig: Setting CVar [[r.SSS.Scale:1]]
[2022.03.08-23.53.41:777][  0]LogConfig: Setting CVar [[r.SSS.SampleSet:2]]
[2022.03.08-23.53.41:777][  0]LogConfig: Setting CVar [[r.SSS.Quality:1]]
[2022.03.08-23.53.41:777][  0]LogConfig: Setting CVar [[r.SSS.HalfRes:0]]
[2022.03.08-23.53.41:777][  0]LogConfig: Setting CVar [[r.SSGI.Quality:3]]
[2022.03.08-23.53.41:777][  0]LogConfig: Setting CVar [[r.EmitterSpawnRateScale:1.0]]
[2022.03.08-23.53.41:777][  0]LogConfig: Setting CVar [[r.ParticleLightQuality:2]]
[2022.03.08-23.53.41:777][  0]LogConfig: Setting CVar [[r.SkyAtmosphere.AerialPerspectiveLUT.FastApplyOnOpaque:1 ; Always have FastSkyLUT 1 in this case to avoid wrong sky]]
[2022.03.08-23.53.41:777][  0]LogConfig: Setting CVar [[r.SkyAtmosphere.AerialPerspectiveLUT.SampleCountMaxPerSlice:4]]
[2022.03.08-23.53.41:777][  0]LogConfig: Setting CVar [[r.SkyAtmosphere.AerialPerspectiveLUT.DepthResolution:16.0]]
[2022.03.08-23.53.41:777][  0]LogConfig: Setting CVar [[r.SkyAtmosphere.FastSkyLUT:1]]
[2022.03.08-23.53.41:777][  0]LogConfig: Setting CVar [[r.SkyAtmosphere.FastSkyLUT.SampleCountMin:4.0]]
[2022.03.08-23.53.41:777][  0]LogConfig: Setting CVar [[r.SkyAtmosphere.FastSkyLUT.SampleCountMax:128.0]]
[2022.03.08-23.53.41:777][  0]LogConfig: Setting CVar [[r.SkyAtmosphere.SampleCountMin:4.0]]
[2022.03.08-23.53.41:777][  0]LogConfig: Setting CVar [[r.SkyAtmosphere.SampleCountMax:128.0]]
[2022.03.08-23.53.41:777][  0]LogConfig: Setting CVar [[r.SkyAtmosphere.TransmittanceLUT.UseSmallFormat:0]]
[2022.03.08-23.53.41:777][  0]LogConfig: Setting CVar [[r.SkyAtmosphere.TransmittanceLUT.SampleCount:10.0]]
[2022.03.08-23.53.41:777][  0]LogConfig: Setting CVar [[r.SkyAtmosphere.MultiScatteringLUT.SampleCount:15.0]]
[2022.03.08-23.53.41:777][  0]LogConfig: Setting CVar [[r.SkyLight.RealTimeReflectionCapture:1]]
[2022.03.08-23.53.41:777][  0]LogConfig: Applying CVar settings from Section [FoliageQuality@3] File [C:/Users/oxthe/Desktop/GPR-300-51/GPR300Quiz2/Quiz2/Saved/Config/Windows/Scalability.ini]
[2022.03.08-23.53.41:777][  0]LogConfig: Setting CVar [[foliage.DensityScale:1.0]]
[2022.03.08-23.53.41:777][  0]LogConfig: Setting CVar [[grass.DensityScale:1.0]]
[2022.03.08-23.53.41:777][  0]LogConfig: Applying CVar settings from Section [ShadingQuality@3] File [C:/Users/oxthe/Desktop/GPR-300-51/GPR300Quiz2/Quiz2/Saved/Config/Windows/Scalability.ini]
[2022.03.08-23.53.41:777][  0]LogConfig: Setting CVar [[r.HairStrands.SkyLighting.IntegrationType:2]]
[2022.03.08-23.53.41:777][  0]LogConfig: Setting CVar [[r.HairStrands.SkyAO.SampleCount:4]]
[2022.03.08-23.53.41:777][  0]LogConfig: Setting CVar [[r.HairStrands.Visibility.MSAA.SamplePerPixel:4]]
[2022.03.08-23.53.41:777][  0]LogInit: Selected Device Profile: [Windows]
[2022.03.08-23.53.41:777][  0]LogInit: Applying CVar settings loaded from the selected device profile: [Windows]
[2022.03.08-23.53.41:777][  0]LogHAL: Display: Platform has ~ 8 GB [8509480960 / 8589934592 / 8], which maps to Default [LargestMinGB=32, LargerMinGB=12, DefaultMinGB=8, SmallerMinGB=6, SmallestMinGB=0)
[2022.03.08-23.53.41:777][  0]LogInit: Going up to parent DeviceProfile []
[2022.03.08-23.53.41:777][  0]LogConfig: Applying CVar settings from Section [ViewDistanceQuality@3] File [C:/Users/oxthe/Desktop/GPR-300-51/GPR300Quiz2/Quiz2/Saved/Config/Windows/Scalability.ini]
[2022.03.08-23.53.41:777][  0]LogConfig: Setting CVar [[r.SkeletalMeshLODBias:0]]
[2022.03.08-23.53.41:777][  0]LogConfig: Setting CVar [[r.ViewDistanceScale:1.0]]
[2022.03.08-23.53.41:777][  0]LogConfig: Applying CVar settings from Section [AntiAliasingQuality@3] File [C:/Users/oxthe/Desktop/GPR-300-51/GPR300Quiz2/Quiz2/Saved/Config/Windows/Scalability.ini]
[2022.03.08-23.53.41:777][  0]LogConfig: Setting CVar [[r.PostProcessAAQuality:4]]
[2022.03.08-23.53.41:777][  0]LogConfig: Applying CVar settings from Section [ShadowQuality@3] File [C:/Users/oxthe/Desktop/GPR-300-51/GPR300Quiz2/Quiz2/Saved/Config/Windows/Scalability.ini]
[2022.03.08-23.53.41:777][  0]LogConfig: Setting CVar [[r.LightFunctionQuality:1]]
[2022.03.08-23.53.41:777][  0]LogConfig: Setting CVar [[r.ShadowQuality:5]]
[2022.03.08-23.53.41:777][  0]LogConfig: Setting CVar [[r.Shadow.CSM.MaxCascades:10]]
[2022.03.08-23.53.41:777][  0]LogConfig: Setting CVar [[r.Shadow.MaxResolution:2048]]
[2022.03.08-23.53.41:777][  0]LogConfig: Setting CVar [[r.Shadow.MaxCSMResolution:2048]]
[2022.03.08-23.53.41:777][  0]LogConfig: Setting CVar [[r.Shadow.RadiusThreshold:0.01]]
[2022.03.08-23.53.41:777][  0]LogConfig: Setting CVar [[r.Shadow.DistanceScale:1.0]]
[2022.03.08-23.53.41:777][  0]LogConfig: Setting CVar [[r.Shadow.CSM.TransitionScale:1.0]]
[2022.03.08-23.53.41:777][  0]LogConfig: Setting CVar [[r.Shadow.PreShadowResolutionFactor:1.0]]
[2022.03.08-23.53.41:777][  0]LogConfig: Setting CVar [[r.DistanceFieldShadowing:1]]
[2022.03.08-23.53.41:777][  0]LogConfig: Setting CVar [[r.DistanceFieldAO:1]]
[2022.03.08-23.53.41:777][  0]LogConfig: Setting CVar [[r.AOQuality:2]]
[2022.03.08-23.53.41:777][  0]LogConfig: Setting CVar [[r.VolumetricFog:1]]
[2022.03.08-23.53.41:777][  0]LogConfig: Setting CVar [[r.VolumetricFog.GridPixelSize:8]]
[2022.03.08-23.53.41:777][  0]LogConfig: Setting CVar [[r.VolumetricFog.GridSizeZ:128]]
[2022.03.08-23.53.41:777][  0]LogConfig: Setting CVar [[r.VolumetricFog.HistoryMissSupersampleCount:4]]
[2022.03.08-23.53.41:777][  0]LogConfig: Setting CVar [[r.LightMaxDrawDistanceScale:1]]
[2022.03.08-23.53.41:778][  0]LogConfig: Setting CVar [[r.CapsuleShadows:1]]
[2022.03.08-23.53.41:778][  0]LogConfig: Applying CVar settings from Section [PostProcessQuality@3] File [C:/Users/oxthe/Desktop/GPR-300-51/GPR300Quiz2/Quiz2/Saved/Config/Windows/Scalability.ini]
[2022.03.08-23.53.41:778][  0]LogConfig: Setting CVar [[r.MotionBlurQuality:4]]
[2022.03.08-23.53.41:778][  0]LogConfig: Setting CVar [[r.AmbientOcclusionMipLevelFactor:0.4]]
[2022.03.08-23.53.41:778][  0]LogConfig: Setting CVar [[r.AmbientOcclusionMaxQuality:100]]
[2022.03.08-23.53.41:778][  0]LogConfig: Setting CVar [[r.AmbientOcclusionLevels:-1]]
[2022.03.08-23.53.41:778][  0]LogConfig: Setting CVar [[r.AmbientOcclusionRadiusScale:1.0]]
[2022.03.08-23.53.41:778][  0]LogConfig: Setting CVar [[r.DepthOfFieldQuality:2]]
[2022.03.08-23.53.41:778][  0]LogConfig: Setting CVar [[r.RenderTargetPoolMin:400]]
[2022.03.08-23.53.41:778][  0]LogConfig: Setting CVar [[r.LensFlareQuality:2]]
[2022.03.08-23.53.41:778][  0]LogConfig: Setting CVar [[r.SceneColorFringeQuality:1]]
[2022.03.08-23.53.41:778][  0]LogConfig: Setting CVar [[r.EyeAdaptationQuality:2]]
[2022.03.08-23.53.41:778][  0]LogConfig: Setting CVar [[r.BloomQuality:5]]
[2022.03.08-23.53.41:778][  0]LogConfig: Setting CVar [[r.FastBlurThreshold:100]]
[2022.03.08-23.53.41:778][  0]LogConfig: Setting CVar [[r.Upscale.Quality:3]]
[2022.03.08-23.53.41:778][  0]LogConfig: Setting CVar [[r.Tonemapper.GrainQuantization:1]]
[2022.03.08-23.53.41:778][  0]LogConfig: Setting CVar [[r.LightShaftQuality:1]]
[2022.03.08-23.53.41:778][  0]LogConfig: Setting CVar [[r.Filter.SizeScale:1]]
[2022.03.08-23.53.41:778][  0]LogConfig: Setting CVar [[r.Tonemapper.Quality:5]]
[2022.03.08-23.53.41:778][  0]LogConfig: Setting CVar [[r.DOF.Gather.AccumulatorQuality:1        ; higher gathering accumulator quality]]
[2022.03.08-23.53.41:778][  0]LogConfig: Setting CVar [[r.DOF.Gather.PostfilterMethod:1          ; Median3x3 postfilering method]]
[2022.03.08-23.53.41:778][  0]LogConfig: Setting CVar [[r.DOF.Gather.EnableBokehSettings:0       ; no bokeh simulation when gathering]]
[2022.03.08-23.53.41:778][  0]LogConfig: Setting CVar [[r.DOF.Gather.RingCount:4                 ; medium number of samples when gathering]]
[2022.03.08-23.53.41:778][  0]LogConfig: Setting CVar [[r.DOF.Scatter.ForegroundCompositing:1    ; additive foreground scattering]]
[2022.03.08-23.53.41:778][  0]LogConfig: Setting CVar [[r.DOF.Scatter.BackgroundCompositing:2    ; additive background scattering]]
[2022.03.08-23.53.41:778][  0]LogConfig: Setting CVar [[r.DOF.Scatter.EnableBokehSettings:1      ; bokeh simulation when scattering]]
[2022.03.08-23.53.41:778][  0]LogConfig: Setting CVar [[r.DOF.Scatter.MaxSpriteRatio:0.1         ; only a maximum of 10% of scattered bokeh]]
[2022.03.08-23.53.41:778][  0]LogConfig: Setting CVar [[r.DOF.Recombine.Quality:1                ; cheap slight out of focus]]
[2022.03.08-23.53.41:778][  0]LogConfig: Setting CVar [[r.DOF.Recombine.EnableBokehSettings:0    ; no bokeh simulation on slight out of focus]]
[2022.03.08-23.53.41:778][  0]LogConfig: Setting CVar [[r.DOF.TemporalAAQuality:1                ; more stable temporal accumulation]]
[2022.03.08-23.53.41:778][  0]LogConfig: Setting CVar [[r.DOF.Kernel.MaxForegroundRadius:0.025]]
[2022.03.08-23.53.41:778][  0]LogConfig: Setting CVar [[r.DOF.Kernel.MaxBackgroundRadius:0.025]]
[2022.03.08-23.53.41:778][  0]LogConfig: Applying CVar settings from Section [TextureQuality@3] File [C:/Users/oxthe/Desktop/GPR-300-51/GPR300Quiz2/Quiz2/Saved/Config/Windows/Scalability.ini]
[2022.03.08-23.53.41:778][  0]LogConfig: Setting CVar [[r.Streaming.MipBias:0]]
[2022.03.08-23.53.41:778][  0]LogConfig: Setting CVar [[r.Streaming.AmortizeCPUToGPUCopy:0]]
[2022.03.08-23.53.41:778][  0]LogConfig: Setting CVar [[r.Streaming.MaxNumTexturesToStreamPerFrame:0]]
[2022.03.08-23.53.41:778][  0]LogConfig: Setting CVar [[r.Streaming.Boost:1]]
[2022.03.08-23.53.41:778][  0]LogConfig: Setting CVar [[r.MaxAnisotropy:8]]
[2022.03.08-23.53.41:778][  0]LogConfig: Setting CVar [[r.VT.MaxAnisotropy:8]]
[2022.03.08-23.53.41:778][  0]LogConfig: Setting CVar [[r.Streaming.LimitPoolSizeToVRAM:0]]
[2022.03.08-23.53.41:778][  0]LogConfig: Setting CVar [[r.Streaming.PoolSize:1000]]
[2022.03.08-23.53.41:778][  0]LogConfig: Setting CVar [[r.Streaming.MaxEffectiveScreenSize:0]]
[2022.03.08-23.53.41:778][  0]LogConfig: Applying CVar settings from Section [EffectsQuality@3] File [C:/Users/oxthe/Desktop/GPR-300-51/GPR300Quiz2/Quiz2/Saved/Config/Windows/Scalability.ini]
[2022.03.08-23.53.41:778][  0]LogConfig: Setting CVar [[r.TranslucencyLightingVolumeDim:64]]
[2022.03.08-23.53.41:778][  0]LogConfig: Setting CVar [[r.RefractionQuality:2]]
[2022.03.08-23.53.41:778][  0]LogConfig: Setting CVar [[r.SSR.Quality:3]]
[2022.03.08-23.53.41:778][  0]LogConfig: Setting CVar [[r.SSR.HalfResSceneColor:0]]
[2022.03.08-23.53.41:778][  0]LogConfig: Setting CVar [[r.SceneColorFormat:4]]
[2022.03.08-23.53.41:778][  0]LogConfig: Setting CVar [[r.DetailMode:2]]
[2022.03.08-23.53.41:778][  0]LogConfig: Setting CVar [[r.TranslucencyVolumeBlur:1]]
[2022.03.08-23.53.41:778][  0]LogConfig: Setting CVar [[r.MaterialQualityLevel:1 ; High quality]]
[2022.03.08-23.53.41:778][  0]LogConfig: Setting CVar [[r.AnisotropicMaterials:1]]
[2022.03.08-23.53.41:778][  0]LogConfig: Setting CVar [[r.SSS.Scale:1]]
[2022.03.08-23.53.41:778][  0]LogConfig: Setting CVar [[r.SSS.SampleSet:2]]
[2022.03.08-23.53.41:778][  0]LogConfig: Setting CVar [[r.SSS.Quality:1]]
[2022.03.08-23.53.41:778][  0]LogConfig: Setting CVar [[r.SSS.HalfRes:0]]
[2022.03.08-23.53.41:778][  0]LogConfig: Setting CVar [[r.SSGI.Quality:3]]
[2022.03.08-23.53.41:778][  0]LogConfig: Setting CVar [[r.EmitterSpawnRateScale:1.0]]
[2022.03.08-23.53.41:778][  0]LogConfig: Setting CVar [[r.ParticleLightQuality:2]]
[2022.03.08-23.53.41:778][  0]LogConfig: Setting CVar [[r.SkyAtmosphere.AerialPerspectiveLUT.FastApplyOnOpaque:1 ; Always have FastSkyLUT 1 in this case to avoid wrong sky]]
[2022.03.08-23.53.41:778][  0]LogConfig: Setting CVar [[r.SkyAtmosphere.AerialPerspectiveLUT.SampleCountMaxPerSlice:4]]
[2022.03.08-23.53.41:778][  0]LogConfig: Setting CVar [[r.SkyAtmosphere.AerialPerspectiveLUT.DepthResolution:16.0]]
[2022.03.08-23.53.41:778][  0]LogConfig: Setting CVar [[r.SkyAtmosphere.FastSkyLUT:1]]
[2022.03.08-23.53.41:778][  0]LogConfig: Setting CVar [[r.SkyAtmosphere.FastSkyLUT.SampleCountMin:4.0]]
[2022.03.08-23.53.41:778][  0]LogConfig: Setting CVar [[r.SkyAtmosphere.FastSkyLUT.SampleCountMax:128.0]]
[2022.03.08-23.53.41:778][  0]LogConfig: Setting CVar [[r.SkyAtmosphere.SampleCountMin:4.0]]
[2022.03.08-23.53.41:778][  0]LogConfig: Setting CVar [[r.SkyAtmosphere.SampleCountMax:128.0]]
[2022.03.08-23.53.41:778][  0]LogConfig: Setting CVar [[r.SkyAtmosphere.TransmittanceLUT.UseSmallFormat:0]]
[2022.03.08-23.53.41:778][  0]LogConfig: Setting CVar [[r.SkyAtmosphere.TransmittanceLUT.SampleCount:10.0]]
[2022.03.08-23.53.41:778][  0]LogConfig: Setting CVar [[r.SkyAtmosphere.MultiScatteringLUT.SampleCount:15.0]]
[2022.03.08-23.53.41:778][  0]LogConfig: Setting CVar [[r.SkyLight.RealTimeReflectionCapture:1]]
[2022.03.08-23.53.41:778][  0]LogConfig: Applying CVar settings from Section [FoliageQuality@3] File [C:/Users/oxthe/Desktop/GPR-300-51/GPR300Quiz2/Quiz2/Saved/Config/Windows/Scalability.ini]
[2022.03.08-23.53.41:778][  0]LogConfig: Setting CVar [[foliage.DensityScale:1.0]]
[2022.03.08-23.53.41:779][  0]LogConfig: Setting CVar [[grass.DensityScale:1.0]]
[2022.03.08-23.53.41:779][  0]LogConfig: Applying CVar settings from Section [ShadingQuality@3] File [C:/Users/oxthe/Desktop/GPR-300-51/GPR300Quiz2/Quiz2/Saved/Config/Windows/Scalability.ini]
[2022.03.08-23.53.41:779][  0]LogConfig: Setting CVar [[r.HairStrands.SkyLighting.IntegrationType:2]]
[2022.03.08-23.53.41:779][  0]LogConfig: Setting CVar [[r.HairStrands.SkyAO.SampleCount:4]]
[2022.03.08-23.53.41:779][  0]LogConfig: Setting CVar [[r.HairStrands.Visibility.MSAA.SamplePerPixel:4]]
[2022.03.08-23.53.41:779][  0]LogConfig: Applying CVar settings from Section [Startup] File [../../../Engine/Config/ConsoleVariables.ini]
[2022.03.08-23.53.41:779][  0]LogConfig: Setting CVar [[net.UseAdaptiveNetUpdateFrequency:0]]
[2022.03.08-23.53.41:779][  0]LogConfig: Setting CVar [[p.chaos.AllowCreatePhysxBodies:1]]
[2022.03.08-23.53.41:779][  0]LogConfig: Setting CVar [[fx.SkipVectorVMBackendOptimizations:1]]
[2022.03.08-23.53.41:779][  0]LogConfig: Applying CVar settings from Section [ConsoleVariables] File [C:/Users/oxthe/Desktop/GPR-300-51/GPR300Quiz2/Quiz2/Saved/Config/Windows/Engine.ini]
[2022.03.08-23.53.41:779][  0]LogConfig: Applying CVar settings from Section [ConsoleVariables] File [C:/Users/oxthe/Desktop/GPR-300-51/GPR300Quiz2/Quiz2/Saved/Config/Windows/Editor.ini]
[2022.03.08-23.53.41:779][  0]LogInit: Computer: SHAKEEM-S-LAPTO
[2022.03.08-23.53.41:779][  0]LogInit: User: oxthe
[2022.03.08-23.53.41:779][  0]LogInit: CPU Page size=4096, Cores=4
[2022.03.08-23.53.41:779][  0]LogInit: High frequency timer resolution =10.000000 MHz
[2022.03.08-23.53.41:779][  0]LogMemory: Memory total: Physical=7.9GB (8GB approx)
[2022.03.08-23.53.41:779][  0]LogMemory: Platform Memory Stats for Windows
[2022.03.08-23.53.41:779][  0]LogMemory: Process Physical Memory: 144.40 MB used, 144.40 MB peak
[2022.03.08-23.53.41:779][  0]LogMemory: Process Virtual Memory: 114.69 MB used, 114.69 MB peak
[2022.03.08-23.53.41:779][  0]LogMemory: Physical Memory: 6227.75 MB used,  1887.53 MB free, 8115.27 MB total
[2022.03.08-23.53.41:779][  0]LogMemory: Virtual Memory: 134211392.00 MB used,  6332.37 MB free, 134217728.00 MB total
[2022.03.08-23.53.41:785][  0]LogWindows: WindowsPlatformFeatures enabled
[2022.03.08-23.53.41:831][  0]LogInit: Physics initialised using underlying interface: PhysX
[2022.03.08-23.53.41:831][  0]LogInit: Using OS detected language (en-US).
[2022.03.08-23.53.41:831][  0]LogInit: Using OS detected locale (en-US).
[2022.03.08-23.53.41:835][  0]LogTextLocalizationManager: No specific localization for 'en-US' exists, so the 'en' localization will be used.
[2022.03.08-23.53.42:115][  0]LogInit: Setting process to per monitor DPI aware
[2022.03.08-23.53.42:135][  0]LogWindowsTextInputMethodSystem: Display: IME system deactivated.
[2022.03.08-23.53.42:152][  0]LogSlate: New Slate User Created.  User Index 0, Is Virtual User: 0
[2022.03.08-23.53.42:152][  0]LogSlate: Slate User Registered.  User Index 0, Is Virtual User: 0
[2022.03.08-23.53.42:328][  0]LogD3D11RHI: Loaded GFSDK_Aftermath_Lib.x64.dll
[2022.03.08-23.53.42:374][  0]LogHMD: Failed to initialize OpenVR with code 110
[2022.03.08-23.53.42:374][  0]LogD3D11RHI: D3D11 min allowed feature level: 11_0
[2022.03.08-23.53.42:375][  0]LogD3D11RHI: D3D11 max allowed feature level: 11_0
[2022.03.08-23.53.42:375][  0]LogD3D11RHI: D3D11 adapters:
[2022.03.08-23.53.42:487][  0]LogD3D11RHI:    0. 'NVIDIA GeForce GTX 960M' (Feature Level 11_0)
[2022.03.08-23.53.42:487][  0]LogD3D11RHI:       2010/0/4057 MB DedicatedVideo/DedicatedSystem/SharedSystem, Outputs:1, VendorId:0x10de
[2022.03.08-23.53.42:494][  0]LogD3D11RHI:    1. 'Intel(R) HD Graphics 4600' (Feature Level 11_0)
[2022.03.08-23.53.42:494][  0]LogD3D11RHI:       112/0/2048 MB DedicatedVideo/DedicatedSystem/SharedSystem, Outputs:0, VendorId:0x8086
[2022.03.08-23.53.42:496][  0]LogD3D11RHI:    2. 'Microsoft Basic Render Driver' (Feature Level 11_0)
[2022.03.08-23.53.42:496][  0]LogD3D11RHI:       0/0/4057 MB DedicatedVideo/DedicatedSystem/SharedSystem, Outputs:0, VendorId:0x1414
[2022.03.08-23.53.42:496][  0]LogD3D11RHI: Chosen D3D11 Adapter:
[2022.03.08-23.53.42:496][  0]LogD3D11RHI:     Description : NVIDIA GeForce GTX 960M
[2022.03.08-23.53.42:496][  0]LogD3D11RHI:     VendorId    : 10de
[2022.03.08-23.53.42:496][  0]LogD3D11RHI:     DeviceId    : 139b
[2022.03.08-23.53.42:496][  0]LogD3D11RHI:     SubSysId    : 9261025
[2022.03.08-23.53.42:496][  0]LogD3D11RHI:     Revision    : 00a2
[2022.03.08-23.53.42:496][  0]LogD3D11RHI:     DedicatedVideoMemory : 2107703296 bytes
[2022.03.08-23.53.42:496][  0]LogD3D11RHI:     DedicatedSystemMemory : 0 bytes
[2022.03.08-23.53.42:496][  0]LogD3D11RHI:     SharedSystemMemory : 4254740480 bytes
[2022.03.08-23.53.42:496][  0]LogD3D11RHI:     AdapterLuid : 0 41458
[2022.03.08-23.53.42:502][  0]LogD3D11RHI: Creating new Direct3DDevice
[2022.03.08-23.53.42:503][  0]LogD3D11RHI:     GPU DeviceId: 0x139b (for the marketing name, search the web for "GPU Device Id")
[2022.03.08-23.53.42:503][  0]LogWindows: EnumDisplayDevices:
[2022.03.08-23.53.42:503][  0]LogWindows:    0. 'Intel(R) HD Graphics 4600' (P:1 D:1)
[2022.03.08-23.53.42:503][  0]LogWindows:    1. 'Intel(R) HD Graphics 4600' (P:0 D:0)
[2022.03.08-23.53.42:504][  0]LogWindows:    2. 'Intel(R) HD Graphics 4600' (P:0 D:0)
[2022.03.08-23.53.42:504][  0]LogWindows: DebugString: PrimaryIsNotTheChoosenAdapter PrimaryIsNotTheChoosenAdapter PrimaryIsNotTheChoosenAdapter FoundDriverCount:0 
[2022.03.08-23.53.42:504][  0]LogD3D11RHI:     Adapter Name: NVIDIA GeForce GTX 960M
[2022.03.08-23.53.42:504][  0]LogD3D11RHI:   Driver Version: Unknown (internal:Unknown, unified:Unknown)
[2022.03.08-23.53.42:504][  0]LogD3D11RHI:      Driver Date: Unknown
[2022.03.08-23.53.42:504][  0]LogRHI: Texture pool is 1407 MB (70% of 2010 MB)
[2022.03.08-23.53.42:504][  0]LogD3D11RHI: Creating D3DDevice using adapter:
[2022.03.08-23.53.42:504][  0]LogD3D11RHI:     Description : NVIDIA GeForce GTX 960M
[2022.03.08-23.53.42:504][  0]LogD3D11RHI:     VendorId    : 10de
[2022.03.08-23.53.42:504][  0]LogD3D11RHI:     DeviceId    : 139b
[2022.03.08-23.53.42:504][  0]LogD3D11RHI:     SubSysId    : 9261025
[2022.03.08-23.53.42:504][  0]LogD3D11RHI:     Revision    : 00a2
[2022.03.08-23.53.42:504][  0]LogD3D11RHI:     DedicatedVideoMemory : 2107703296 bytes
[2022.03.08-23.53.42:504][  0]LogD3D11RHI:     DedicatedSystemMemory : 0 bytes
[2022.03.08-23.53.42:504][  0]LogD3D11RHI:     SharedSystemMemory : 4254740480 bytes
[2022.03.08-23.53.42:504][  0]LogD3D11RHI:     AdapterLuid : 0 41458
[2022.03.08-23.53.42:630][  0]LogD3D11RHI: RHI has support for 64 bit atomics
[2022.03.08-23.53.42:630][  0]LogD3D11RHI: Async texture creation enabled
[2022.03.08-23.53.42:717][  0]LogD3D11RHI: GPU Timing Frequency: 1000.000000 (Debug: 2 1)
[2022.03.08-23.53.42:769][  0]LogRHI: GeForceNow SDK initialized: 1
[2022.03.08-23.53.43:548][  0]LogTargetPlatformManager: Display: Loaded TargetPlatform 'AllDesktop'
[2022.03.08-23.53.43:574][  0]LogTargetPlatformManager: Display: Loaded TargetPlatform 'Android'
[2022.03.08-23.53.43:574][  0]LogTargetPlatformManager: Display: Loaded TargetPlatform 'Android_ASTC'
[2022.03.08-23.53.43:574][  0]LogTargetPlatformManager: Display: Loaded TargetPlatform 'Android_DXT'
[2022.03.08-23.53.43:574][  0]LogTargetPlatformManager: Display: Loaded TargetPlatform 'Android_ETC2'
[2022.03.08-23.53.43:574][  0]LogTargetPlatformManager: Display: Loaded TargetPlatform 'AndroidClient'
[2022.03.08-23.53.43:574][  0]LogTargetPlatformManager: Display: Loaded TargetPlatform 'Android_ASTCClient'
[2022.03.08-23.53.43:574][  0]LogTargetPlatformManager: Display: Loaded TargetPlatform 'Android_DXTClient'
[2022.03.08-23.53.43:574][  0]LogTargetPlatformManager: Display: Loaded TargetPlatform 'Android_ETC2Client'
[2022.03.08-23.53.43:574][  0]LogTargetPlatformManager: Display: Loaded TargetPlatform 'Android_Multi'
[2022.03.08-23.53.43:574][  0]LogTargetPlatformManager: Display: Loaded TargetPlatform 'Android_MultiClient'
[2022.03.08-23.53.43:594][  0]LogTargetPlatformManager: Display: Loaded TargetPlatform 'IOSClient'
[2022.03.08-23.53.43:594][  0]LogTargetPlatformManager: Display: Loaded TargetPlatform 'IOS'
[2022.03.08-23.53.43:605][  0]LogTargetPlatformManager: Display: Loaded TargetPlatform 'Linux'
[2022.03.08-23.53.43:610][  0]LogTargetPlatformManager: Display: Loaded TargetPlatform 'LinuxNoEditor'
[2022.03.08-23.53.43:614][  0]LogTargetPlatformManager: Display: Loaded TargetPlatform 'LinuxClient'
[2022.03.08-23.53.43:619][  0]LogTargetPlatformManager: Display: Loaded TargetPlatform 'LinuxServer'
[2022.03.08-23.53.43:630][  0]LogTargetPlatformManager: Display: Loaded TargetPlatform 'LinuxAArch64NoEditor'
[2022.03.08-23.53.43:635][  0]LogTargetPlatformManager: Display: Loaded TargetPlatform 'LinuxAArch64Client'
[2022.03.08-23.53.43:640][  0]LogTargetPlatformManager: Display: Loaded TargetPlatform 'LinuxAArch64Server'
[2022.03.08-23.53.43:671][  0]LogTargetPlatformManager: Display: Loaded TargetPlatform 'Lumin'
[2022.03.08-23.53.43:671][  0]LogTargetPlatformManager: Display: Loaded TargetPlatform 'LuminClient'
[2022.03.08-23.53.43:680][  0]LogTargetPlatformManager: Display: Loaded TargetPlatform 'MacNoEditor'
[2022.03.08-23.53.43:685][  0]LogTargetPlatformManager: Display: Loaded TargetPlatform 'Mac'
[2022.03.08-23.53.43:690][  0]LogTargetPlatformManager: Display: Loaded TargetPlatform 'MacClient'
[2022.03.08-23.53.43:694][  0]LogTargetPlatformManager: Display: Loaded TargetPlatform 'MacServer'
[2022.03.08-23.53.43:705][  0]LogTargetPlatformManager: Display: Loaded TargetPlatform 'TVOSClient'
[2022.03.08-23.53.43:706][  0]LogTargetPlatformManager: Display: Loaded TargetPlatform 'TVOS'
[2022.03.08-23.53.43:715][  0]LogTargetPlatformManager: Display: Loaded TargetPlatform 'WindowsNoEditor'
[2022.03.08-23.53.43:720][  0]LogTargetPlatformManager: Display: Loaded TargetPlatform 'Windows'
[2022.03.08-23.53.43:724][  0]LogTargetPlatformManager: Display: Loaded TargetPlatform 'WindowsClient'
[2022.03.08-23.53.43:729][  0]LogTargetPlatformManager: Display: Loaded TargetPlatform 'WindowsServer'
[2022.03.08-23.53.43:729][  0]LogTargetPlatformManager: Display: Building Assets For Windows
[2022.03.08-23.53.43:736][  0]LogAudioDebug: Display: Lib vorbis DLL was dynamically loaded.
[2022.03.08-23.53.43:801][  0]LogTextureFormatOodle: Display: Oodle Texture 2.9.0 init RDO Off
[2022.03.08-23.53.43:851][  0]LogRendererCore: Ray tracing is disabled. Reason: r.RayTracing=0.
[2022.03.08-23.53.43:851][  0]LogShaderCompilers: Guid format shader working directory is -21 characters bigger than the processId version (../../../../../../Users/oxthe/Desktop/GPR-300-51/GPR300Quiz2/Quiz2/Intermediate/Shaders/WorkingDirectory/21556/).
[2022.03.08-23.53.43:851][  0]LogShaderCompilers: Cleaned the shader compiler working directory 'C:/Users/oxthe/AppData/Local/Temp/UnrealShaderWorkingDir/60A721FA4197F28D9BB83F922BD04166/'.
[2022.03.08-23.53.43:851][  0]LogXGEController: Cannot use XGE Controller as Incredibuild is not installed on this machine.
[2022.03.08-23.53.43:851][  0]LogShaderCompilers: Cannot use XGE Shader Compiler as Incredibuild is not installed on this machine.
[2022.03.08-23.53.43:851][  0]LogShaderCompilers: Display: Using Local Shader Compiler.
[2022.03.08-23.53.44:787][  0]LogDerivedDataCache: Display: Max Cache Size: 512 MB
[2022.03.08-23.53.44:869][  0]LogDerivedDataCache: Loaded boot cache 0.08s 94MB C:/Users/oxthe/AppData/Local/UnrealEngine/4.27/DerivedDataCache/Boot.ddc.
[2022.03.08-23.53.44:869][  0]LogDerivedDataCache: Display: Loaded Boot cache: C:/Users/oxthe/AppData/Local/UnrealEngine/4.27/DerivedDataCache/Boot.ddc
[2022.03.08-23.53.44:869][  0]LogDerivedDataCache: FDerivedDataBackendGraph:  Pak pak cache file ../../../../../../Users/oxthe/Desktop/GPR-300-51/GPR300Quiz2/Quiz2/DerivedDataCache/DDC.ddp not found, will not use a pak cache.
[2022.03.08-23.53.44:869][  0]LogDerivedDataCache: Unable to find inner node Pak for hierarchical cache Hierarchy.
[2022.03.08-23.53.44:869][  0]LogDerivedDataCache: FDerivedDataBackendGraph:  CompressedPak pak cache file ../../../../../../Users/oxthe/Desktop/GPR-300-51/GPR300Quiz2/Quiz2/DerivedDataCache/Compressed.ddp not found, will not use a pak cache.
[2022.03.08-23.53.44:869][  0]LogDerivedDataCache: Unable to find inner node CompressedPak for hierarchical cache Hierarchy.
[2022.03.08-23.53.44:888][  0]LogDerivedDataCache: Display: Pak cache opened for reading ../../../Engine/DerivedDataCache/Compressed.ddp.
[2022.03.08-23.53.44:889][  0]LogDerivedDataCache: FDerivedDataBackendGraph:  EnterprisePak pak cache file ../../../Enterprise/DerivedDataCache/Compressed.ddp not found, will not use a pak cache.
[2022.03.08-23.53.44:889][  0]LogDerivedDataCache: Unable to find inner node EnterprisePak for hierarchical cache Hierarchy.
[2022.03.08-23.53.44:953][  0]LogDerivedDataCache: Speed tests for C:/Users/oxthe/AppData/Local/UnrealEngine/Common/DerivedDataCache took 0.06 seconds
[2022.03.08-23.53.44:953][  0]LogDerivedDataCache: Display: Performance to C:/Users/oxthe/AppData/Local/UnrealEngine/Common/DerivedDataCache: Latency=0.03ms. RandomReadSpeed=1168.10MBs, RandomWriteSpeed=14.75MBs. Assigned SpeedClass 'Local'
[2022.03.08-23.53.44:955][  0]LogDerivedDataCache: Using Local data cache path C:/Users/oxthe/AppData/Local/UnrealEngine/Common/DerivedDataCache: Writable
[2022.03.08-23.53.44:955][  0]LogDerivedDataCache: Shared data cache path not found in *engine.ini, will not use an Shared cache.
[2022.03.08-23.53.44:955][  0]LogDerivedDataCache: Unable to find inner node Shared for hierarchical cache Hierarchy.
[2022.03.08-23.53.45:038][  0]LogSlate: Using FreeType 2.10.0
[2022.03.08-23.53.45:039][  0]LogSlate: SlateFontServices - WITH_FREETYPE: 1, WITH_HARFBUZZ: 1
[2022.03.08-23.53.45:067][  0]LogAssetRegistry: FAssetRegistry took 0.0028 seconds to start up
[2022.03.08-23.53.45:330][  0]LogInit: Selected Device Profile: [Windows]
[2022.03.08-23.53.45:330][  0]LogInit: Active device profile: [0000013542FD0900][000001353E7DA8C0 49] Windows
[2022.03.08-23.53.45:330][  0]LogInit: Profiles: [0000013542FD0900][000001353E7DA8C0 49] Windows, [0000013542F87800][000001353E456A00 49] WindowsNoEditor, [0000013542FD3500][0000013538BACB40 49] WindowsServer, [0000013542F84E00][0000013538BB4CC0 49] WindowsClient, [0000013542FD3800][0000013538BB8E40 49] IOS, [0000013542F86800][0000013538BBCFC0 49] iPadAir, [0000013542FD2000][000001353C373140 49] iPadAir2, [0000013542F38A00][000001353C37B400 49] IPadPro, [0000013542F38B00][000001353C377440 49] iPadAir3, [0000013542F85900][000001353C37F5C0 49] iPadAir4, [0000013542F3B400][000001353C383740 49] iPadMini2, [0000013542F86A00][000001353C3878C0 49] iPadMini3, [0000013542F39700][000001353C38BA40 49] iPadMini4, [0000013542FD1100][000001353C38FBC0 49] iPadMini5, [0000013542F40300][000001353C396300 49] iPhone6, [0000013542F40400][000001353C392340 49] iPodTouch6, [0000013542F3B600][000001353C39E600 49] iPhone7, [0000013542F39800][000001353C39A640 49] iPodTouch7, [0000013542F43F00][000001353C3A27C0 49] iPhone5S, [0000013542F86200][000001353C3A6940 49] iPhone6Plus, [0000013542F38200][0000013538BB0A80 49] iPhone6S, [0000013542F86400][000001353C3AABC0 49] iPhone6SPlus, [0000013542F3BC00][000001353C3AED00 49] iPhone7Plus, [0000013542F84300][0000013543E0AE80 49] iPhoneSE, [0000013542F3B500][0000013543E0F000 49] iPhone8, [0000013542F85E00][0000013543E13180 49] iPhone8Plus, [0000013542F39100][0000013543E17300 49] iPhoneX, [0000013542F84400][0000013543E1B480 49] iPhoneXS, [0000013542F39300][0000013543E1F600 49] iPhoneXSMax, [0000013542F85400][0000013543E23780 49] iPhoneXR, [0000013542F3B800][0000013543E27900 49] iPhone11, [0000013542F86E00][0000013543E2BA80 49] iPhone11Pro, [0000013542F3B700][0000013543E2FC00 49] iPhone11ProMax, [0000013542F84F00][0000013543F2A200 49] iPhoneSE2, [0000013542F3AE00][0000013543F2E380 49] iPhone12Mini, [0000013542F87C00][0000013543F32500 49] iPhone12, [0000013542F3A400][0000013543F36680 49] iPhone12Pro, [0000013542F84700][0000013543F3A800 49] iPhone12ProMax, [0000013542F3A300][0000013543F3E980 49] iPadPro105, [0000013542F87100][0000013543F42B00 49] iPadPro129, [0000013542F3A200][0000013543E06C40 49] iPadPro97, [0000013542F84B00][0000013543F6CD80 49] iPadPro2_129, [0000013542F3B200][0000013543F74EC0 49] iPad5, [0000013542F87400][0000013543F7D040 49] iPad6, [0000013542F3B300][0000013543F811C0 49] iPad7, [0000013542F84200][0000013543F85340 49] iPad8, [0000013542F39A00][0000013543F894C0 49] iPadPro11, [0000013542F85600][0000013543F8D640 49] iPadPro2_11, [0000013542F39D00][0000013543F917C0 49] iPadPro3_129, [0000013542F87900][0000013543F95940 49] iPadPro4_129, [0000013542F3B000][0000013543F99AC0 49] AppleTV, [0000013542F87F00][0000013543F9C0C0 49] AppleTV4K, [0000013542F38100][0000013543FA0240 49] TVOS, [0000013542F86500][0000013543FA43C0 49] Mac, [0000013542F3BB00][0000013543FA8540 49] MacClient, [0000013542F85B00][0000013543FAC6C0 49] MacNoEditor, [0000013542F3AC00][0000013543FB0840 49] MacServer, [0000013542F84A00][0000013543FB49C0 49] Linux, [0000013542F3A000][0000013543FB8B40 49] LinuxAArch64, [0000013542F86700][0000013543FBCCC0 49] LinuxNoEditor, [0000013542F3A500][0000013543F78E00 49] LinuxAArch64NoEditor, [0000013542F85500][0000013543FC0F40 49] LinuxClient, [0000013542F3B900][0000013543FC5080 49] LinuxAArch64Client, [0000013542F85700][0000013543FC91C0 49] LinuxServer, [0000013542F39900][0000013543FD1340 49] LinuxAArch64Server, [0000013542F87700][0000013543FD54C0 49] Android, [0000013542F38600][0000013543FD9640 49] Android_Low, [0000013542F86D00][0000013543FDD7C0 49] Android_Mid, [0000013542FD3A00][0000013543FE1940 49] Android_High, [0000013542F41C00][0000013543FE5AC0 49] Android_Default, [0000013542FD2100][0000013543FE80C0 49] Android_Adreno4xx, [0000013542F42700][0000013543FEC240 49] Android_Adreno5xx_Low, [0000013542FD0A00][0000013543FF03C0 49] Android_Adreno5xx, [0000013542F42D00][0000013543FF4540 49] Android_Adreno6xx, [0000013542FD1200][0000013543FF86C0 49] Android_Adreno6xx_Vulkan, [0000013542F42800][0000013543FFC840 49] Android_Mali_T6xx, [0000013542FD2600][00000135440009C0 49] Android_Mali_T7xx, [0000013542F42E00][0000013544004B40 49] Android_Mali_T8xx, [0000013542FD3200][0000013544008CC0 49] Android_Mali_G71, [0000013542F43C00][000001354400CE40 49] Android_Mali_G72, [0000013542FD2A00][0000013543FCCF80 49] Android_Mali_G72_Vulkan, [0000013542F41B00][00000135440110C0 49] Android_Mali_G76, [0000013542FD1A00][0000013544015200 49] Android_Mali_G76_Vulkan, [0000013542F42000][0000013544019340 49] Android_Mali_G77, [0000013542FD2D00][00000135440214C0 49] Android_Mali_G77_Vulkan, [0000013542F43800][0000013544025640 49] Android_Mali_G78, [0000013542FD2800][00000135440297C0 49] Android_Mali_G78_Vulkan, [0000013542F41200][000001354402D940 49] Android_Mali_G710, [0000013542FD0E00][0000013544031AC0 49] Android_Mali_G710_Vulkan, [0000013542F43500][00000135440340C0 49] Android_Vulkan_SM5, [0000013542FD3400][0000013544038240 49] Android_PowerVR_G6xxx, [0000013542F42C00][000001354403C3C0 49] Android_PowerVR_GT7xxx, [0000013542FD3C00][0000013544040540 49] Android_PowerVR_GE8xxx, [0000013542F40E00][00000135440446C0 49] Android_PowerVR_GM9xxx, [0000013542FD1800][0000013544048840 49] Android_PowerVR_GM9xxx_Vulkan, [0000013542F42400][000001354404C9C0 49] Android_TegraK1, [0000013542FD1000][0000013544050B40 49] Android_Unknown_Vulkan, [0000013542F87A00][0000013544054CC0 49] Lumin, [0000013542FD1E00][0000013544150E40 49] Lumin_Desktop, [0000013542F85C00][0000013544154FC0 49] HoloLens, 
[2022.03.08-23.53.45:601][  0]LogMeshReduction: Using QuadricMeshReduction for automatic static mesh reduction
[2022.03.08-23.53.45:601][  0]LogMeshReduction: Using SimplygonMeshReduction for automatic skeletal mesh reduction
[2022.03.08-23.53.45:601][  0]LogMeshReduction: Using ProxyLODMeshReduction for automatic mesh merging
[2022.03.08-23.53.45:601][  0]LogMeshReduction: No distributed automatic mesh merging module available
[2022.03.08-23.53.45:601][  0]LogMeshMerging: No distributed automatic mesh merging module available
[2022.03.08-23.53.45:622][  0]LogNetVersion: Quiz2 1.0.0, NetCL: 17155196, EngineNetVer: 17, GameNetVer: 0 (Checksum: 1762167791)
[2022.03.08-23.53.46:623][  0]LogTexture: Default maximum texture size for cubemaps generated from long-lat sources has been changed from 512 to unlimited. In order to preserve old behaiour for '/Engine/MapTemplates/Sky/DaylightAmbientCubemap.DaylightAmbientCubemap', its maximum texture size has been explicitly set to 512.
[2022.03.08-23.53.46:703][  0]LogHMD: PokeAHoleMaterial loaded successfully
[2022.03.08-23.53.46:710][  0]LogUObjectArray: 17178 objects as part of root set at end of initial load.
[2022.03.08-23.53.46:710][  0]LogUObjectAllocator: 4302048 out of 0 bytes used by permanent object pool.
[2022.03.08-23.53.46:710][  0]LogUObjectArray: CloseDisregardForGC: 0/0 objects in disregard for GC pool
[2022.03.08-23.53.47:765][  0]LogNiagaraDebuggerClient: Niagara Debugger Client Initialized | Session: 7602AA3D4FABC96C417DEF96EB503EB6 | Instance: EDA7209A4AFDDC4A538A779965D620C3 (SHAKEEM-S-LAPTO-21556).
[2022.03.08-23.53.47:901][  0]LogPython: Using Python 3.7.7
[2022.03.08-23.53.48:865][  0]LogUdpMessaging: Initializing bridge on interface 0.0.0.0:0 to multicast group 230.0.0.1:6666.
[2022.03.08-23.53.48:893][  0]LogTcpMessaging: Initializing TcpMessaging bridge
[2022.03.08-23.53.49:227][  0]SourceControl: Source control is disabled
[2022.03.08-23.53.49:227][  0]SourceControl: Source control is disabled
[2022.03.08-23.53.49:231][  0]SourceControl: Source control is disabled
[2022.03.08-23.53.49:239][  0]SourceControl: Source control is disabled
[2022.03.08-23.53.49:252][  0]SourceControl: Source control is disabled
[2022.03.08-23.53.49:258][  0]LogUProjectInfo: Found projects:
[2022.03.08-23.53.49:511][  0]LogOpenImageDenoise: OIDN starting up
[2022.03.08-23.53.49:530][  0]LogAndroidPermission: UAndroidPermissionCallbackProxy::GetInstance
[2022.03.08-23.53.49:550][  0]LogAudioCaptureCore: Display: No Audio Capture implementations found. Audio input will be silent.
[2022.03.08-23.53.49:550][  0]LogAudioCaptureCore: Display: No Audio Capture implementations found. Audio input will be silent.
[2022.03.08-23.53.49:762][  0]LogCollectionManager: Loaded 0 collections in 0.003061 seconds
[2022.03.08-23.53.49:950][  0]LogFileCache: Scanning file cache for directory 'C:/Users/oxthe/Desktop/GPR-300-51/GPR300Quiz2/Quiz2/Saved/Collections/' took 0.07s
[2022.03.08-23.53.49:950][  0]LogFileCache: Scanning file cache for directory 'C:/Users/oxthe/Desktop/GPR-300-51/GPR300Quiz2/Quiz2/Content/Developers/oxthe/Collections/' took 0.01s
[2022.03.08-23.53.49:950][  0]LogFileCache: Scanning file cache for directory 'C:/Users/oxthe/Desktop/GPR-300-51/GPR300Quiz2/Quiz2/Content/Collections/' took 0.01s
[2022.03.08-23.53.49:950][  0]LogOcInput: OculusInput pre-init called
[2022.03.08-23.53.50:680][  0]LogEngine: Initializing Engine...
[2022.03.08-23.53.50:709][  0]LogHMD: Failed to enumerate extensions. Please check that you have a valid OpenXR runtime installed.
[2022.03.08-23.53.50:910][  0]LogHMD: Failed to initialize OpenVR with code 110
[2022.03.08-23.53.50:910][  0]LogMagicLeap: Warning: VR disabled because ZI is not enabled.  To enable, in the editor, Edit -> Project Settings -> Plugins -> Magic Leap Plugin -> Enable Zero Iteration
[2022.03.08-23.53.50:915][  0]LogStats: UGameplayTagsManager::InitializeManager -  0.001 s
[2022.03.08-23.53.51:871][  0]LogInit: Initializing FReadOnlyCVARCache
[2022.03.08-23.53.51:882][  0]LogAIModule: Creating AISystem for world Untitled
[2022.03.08-23.53.51:895][  0]LogAudio: Display: Initializing Audio Device Manager...
[2022.03.08-23.53.51:899][  0]LogAudio: Display: Loading Default Audio Settings Objects...
[2022.03.08-23.53.51:900][  0]LogAudio: Display: No default SoundConcurrencyObject specified (or failed to load).
[2022.03.08-23.53.51:901][  0]LogAudio: Display: Audio Device Manager Initialized
[2022.03.08-23.53.51:901][  0]LogAudio: Display: Creating Audio Device:                 Id: 1, Scope: Shared, Realtime: True
[2022.03.08-23.53.51:901][  0]LogAudioMixer: Display: Audio Mixer Platform Settings:
[2022.03.08-23.53.51:901][  0]LogAudioMixer: Display: 	Sample Rate:						  48000
[2022.03.08-23.53.51:901][  0]LogAudioMixer: Display: 	Callback Buffer Frame Size Requested: 1024
[2022.03.08-23.53.51:901][  0]LogAudioMixer: Display: 	Callback Buffer Frame Size To Use:	  1024
[2022.03.08-23.53.51:901][  0]LogAudioMixer: Display: 	Number of buffers to queue:			  2
[2022.03.08-23.53.51:901][  0]LogAudioMixer: Display: 	Max Channels (voices):				  32
[2022.03.08-23.53.51:901][  0]LogAudioMixer: Display: 	Number of Async Source Workers:		  0
[2022.03.08-23.53.51:901][  0]LogAudio: Display: AudioDevice MaxSources: 32
[2022.03.08-23.53.51:901][  0]LogAudio: Display: Audio Spatialization Plugin: None (built-in).
[2022.03.08-23.53.51:901][  0]LogAudio: Display: Audio Reverb Plugin: None (built-in).
[2022.03.08-23.53.51:901][  0]LogAudio: Display: Audio Occlusion Plugin: None (built-in).
[2022.03.08-23.53.51:901][  0]LogAudioMixer: Display: Initializing audio mixer.
[2022.03.08-23.53.51:915][  0]LogAudioMixer: Display: 0: FrontLeft
[2022.03.08-23.53.51:915][  0]LogAudioMixer: Display: 1: FrontRight
[2022.03.08-23.53.51:941][  0]LogAudioMixer: Display: Using Audio Device Speakers (Realtek High Definition Audio)
[2022.03.08-23.53.51:942][  0]LogAudioMixer: Display: Initializing Sound Submixes...
[2022.03.08-23.53.51:944][  0]LogAudioMixer: Display: Creating Master Submix 'MasterSubmixDefault'
[2022.03.08-23.53.51:944][  0]LogAudioMixer: Display: Creating Master Submix 'MasterReverbSubmixDefault'
[2022.03.08-23.53.51:945][  0]LogAudioMixer: Display: Creating Master Submix 'MasterEQSubmixDefault'
[2022.03.08-23.53.51:945][  0]LogAudioMixer: FMixerPlatformXAudio2::StartAudioStream() called
[2022.03.08-23.53.51:946][  0]LogAudioMixer: Display: Output buffers initialized: Frames=1024, Channels=2, Samples=2048
[2022.03.08-23.53.51:947][  0]LogAudioMixer: Display: Starting AudioMixerPlatformInterface::RunInternal()
[2022.03.08-23.53.51:947][  0]LogAudioMixer: Display: FMixerPlatformXAudio2::SubmitBuffer() called for the first time
[2022.03.08-23.53.51:947][  0]LogInit: FAudioDevice initialized.
[2022.03.08-23.53.51:947][  0]LogAudio: Display: Audio Device (ID: 1) registered with world 'Untitled'.
[2022.03.08-23.53.51:947][  0]LogNetVersion: Set ProjectVersion to 1.0.0.0. Version Checksum will be recalculated on next use.
[2022.03.08-23.53.52:989][  0]LogDerivedDataCache: Saved boot cache 1.04s 94MB C:/Users/oxthe/AppData/Local/UnrealEngine/4.27/DerivedDataCache/Boot.ddc.
[2022.03.08-23.53.52:990][  0]LogInit: Texture streaming: Enabled
[2022.03.08-23.53.53:013][  0]LogAnalytics: Display: [UEEditor.Rocket.Release] APIServer = https://datarouter.ol.epicgames.com/. AppVersion = 4.27.2-18319896+++UE4+Release-4.27
[2022.03.08-23.53.53:017][  0]LogEngineSessionManager: EngineSessionManager initialized
[2022.03.08-23.53.53:017][  0]LogEditorSessionSummary: Verbose: Initializing EditorSessionSummaryWriter for editor session tracking
[2022.03.08-23.53.53:243][  0]LogEditorSessionSummary: EditorSessionSummaryWriter initialized
[2022.03.08-23.53.53:260][  0]LogInit: Transaction tracking system initialized
[2022.03.08-23.53.53:282][  0]BlueprintLog: New page: Editor Load
[2022.03.08-23.53.54:422][  0]LocalizationService: Localization service is disabled
[2022.03.08-23.53.54:454][  0]TimingProfiler: Initialize
[2022.03.08-23.53.54:454][  0]TimingProfiler: OnSessionChanged
[2022.03.08-23.53.54:454][  0]LoadingProfiler: Initialize
[2022.03.08-23.53.54:454][  0]LoadingProfiler: OnSessionChanged
[2022.03.08-23.53.54:454][  0]NetworkingProfiler: Initialize
[2022.03.08-23.53.54:454][  0]NetworkingProfiler: OnSessionChanged
[2022.03.08-23.53.54:455][  0]MemoryProfiler: Initialize
[2022.03.08-23.53.54:455][  0]MemoryProfiler: OnSessionChanged
[2022.03.08-23.53.54:655][  0]LogFileCache: Scanning file cache for directory 'C:/Users/oxthe/Desktop/GPR-300-51/GPR300Quiz2/Quiz2/Content/' took 0.00s
[2022.03.08-23.53.54:655][  0]LogCook: Display: CookSettings for Memory: MemoryMaxUsedVirtual 0MiB, MemoryMaxUsedPhysical 16384MiB, MemoryMinFreeVirtual 0MiB, MemoryMinFreePhysical 1024MiB
[2022.03.08-23.53.54:655][  0]LogCook: Display: Mobile HDR setting 1
[2022.03.08-23.53.56:087][  0]LogInit: Display: Engine is initialized. Leaving FEngineLoop::Init()
[2022.03.08-23.53.56:092][  0]SourceControl: Source control is disabled
[2022.03.08-23.53.56:092][  0]LogUnrealEdMisc: Loading editor; pre map load, took 15.822
[2022.03.08-23.53.56:092][  0]Cmd: MAP LOAD FILE="../../../Engine/Content/Maps/Templates/Template_Default.umap" TEMPLATE=1 SHOWPROGRESS=1 FEATURELEVEL=3
[2022.03.08-23.53.56:092][  0]LightingResults: New page: Lighting Build
[2022.03.08-23.53.56:094][  0]LogWorld: UWorld::CleanupWorld for Untitled, bSessionEnded=true, bCleanupResources=true
[2022.03.08-23.53.56:094][  0]LogSlate: InvalidateAllWidgets triggered.  All widgets were invalidated
[2022.03.08-23.53.56:094][  0]MapCheck: New page: Map Check
[2022.03.08-23.53.56:094][  0]LightingResults: New page: Lighting Build
[2022.03.08-23.53.57:412][  0]LogAudio: Display: Audio Device unregistered from world 'None'.
[2022.03.08-23.53.57:421][  0]LogUObjectHash: Compacting FUObjectHashTables data took   3.57ms
[2022.03.08-23.53.57:555][  0]LogTexture: Display: Building textures: DeprecatedTextureEB9CBE3C423008B5E8E130901E171C89 (BGRA8, 128X128)
[2022.03.08-23.53.57:580][  0]LogAudio: Display: Audio Device (ID: 1) registered with world 'Untitled_1'.
[2022.03.08-23.53.57:581][  0]LogAIModule: Creating AISystem for world Untitled_1
[2022.03.08-23.53.57:590][  0]LogEditorServer: Finished looking for orphan Actors (0.000 secs)
[2022.03.08-23.54.01:463][  0]LogUObjectHash: Compacting FUObjectHashTables data took   3.43ms
[2022.03.08-23.54.01:463][  0]Cmd: MAP CHECKDEP NOCLEARLOG
[2022.03.08-23.54.01:465][  0]MapCheck: Map check complete: 0 Error(s), 0 Warning(s), took 1.189ms to complete.
[2022.03.08-23.54.01:465][  0]LogFileHelpers: Loading map 'Template_Default' took 5.373
[2022.03.08-23.54.01:471][  0]LogUnrealEdMisc: Total Editor Startup Time, took 21.201
[2022.03.08-23.54.02:196][  0]LogSlate: Updating window title bar state: overlay mode, drag disabled, window buttons hidden, title bar hidden
[2022.03.08-23.54.02:209][  0]LogSlate: Updating window title bar state: overlay mode, drag disabled, window buttons hidden, title bar hidden
[2022.03.08-23.54.02:221][  0]LogSlate: Updating window title bar state: overlay mode, drag disabled, window buttons hidden, title bar hidden
[2022.03.08-23.54.02:228][  0]LogSlate: Updating window title bar state: overlay mode, drag disabled, window buttons hidden, title bar hidden
[2022.03.08-23.54.02:243][  0]LogNativeClassHierarchy: Verbose: Native class hierarchy populated in 0.0115 seconds. Added 3822 classes and 928 folders.
[2022.03.08-23.54.02:246][  0]LogNativeClassHierarchy: Verbose: Native class hierarchy updated for 'WidgetCarousel' in 0.0004 seconds. Added 0 classes and 0 folders.
[2022.03.08-23.54.02:247][  0]LogPakFile: PakFile PrimaryIndexSize=187
[2022.03.08-23.54.02:247][  0]LogPakFile: PakFile PathHashIndexSize=101
[2022.03.08-23.54.02:247][  0]LogPakFile: PakFile FullDirectoryIndexSize=148
[2022.03.08-23.54.02:247][  0]LogShaderLibrary: Display: ShaderCodeLibraryPakFileMountedCallback: PakFile 'C:/Program Files/Epic Games/UE_4.27/FeaturePacks/FP_FirstPerson.upack' (chunk index -1, root 'root:/') mounted
[2022.03.08-23.54.02:247][  0]LogShaderLibrary: Display: ShaderCodeLibraryPakFileMountedCallback: pending pak file info (ChunkID:-1 Root:root:/ File:C:/Program Files/Epic Games/UE_4.27/FeaturePacks/FP_FirstPerson.upack)
[2022.03.08-23.54.02:247][  0]LogPakFile: OnPakFileMounted2Time == 0.000067
[2022.03.08-23.54.02:248][  0]LogPakFile: PakFile PrimaryIndexSize=189
[2022.03.08-23.54.02:248][  0]LogPakFile: PakFile PathHashIndexSize=101
[2022.03.08-23.54.02:248][  0]LogPakFile: PakFile FullDirectoryIndexSize=152
[2022.03.08-23.54.02:248][  0]LogShaderLibrary: Display: ShaderCodeLibraryPakFileMountedCallback: PakFile 'C:/Program Files/Epic Games/UE_4.27/FeaturePacks/FP_FirstPersonBP.upack' (chunk index -1, root 'root:/') mounted
[2022.03.08-23.54.02:248][  0]LogShaderLibrary: Display: ShaderCodeLibraryPakFileMountedCallback: pending pak file info (ChunkID:-1 Root:root:/ File:C:/Program Files/Epic Games/UE_4.27/FeaturePacks/FP_FirstPersonBP.upack)
[2022.03.08-23.54.02:248][  0]LogPakFile: OnPakFileMounted2Time == 0.000042
[2022.03.08-23.54.02:249][  0]LogPakFile: PakFile PrimaryIndexSize=191
[2022.03.08-23.54.02:249][  0]LogPakFile: PakFile PathHashIndexSize=101
[2022.03.08-23.54.02:249][  0]LogPakFile: PakFile FullDirectoryIndexSize=160
[2022.03.08-23.54.02:249][  0]LogShaderLibrary: Display: ShaderCodeLibraryPakFileMountedCallback: PakFile 'C:/Program Files/Epic Games/UE_4.27/FeaturePacks/MobileStarterContent.upack' (chunk index -1, root 'root:/') mounted
[2022.03.08-23.54.02:249][  0]LogShaderLibrary: Display: ShaderCodeLibraryPakFileMountedCallback: pending pak file info (ChunkID:-1 Root:root:/ File:C:/Program Files/Epic Games/UE_4.27/FeaturePacks/MobileStarterContent.upack)
[2022.03.08-23.54.02:249][  0]LogPakFile: OnPakFileMounted2Time == 0.000039
[2022.03.08-23.54.02:249][  0]LogPakFile: PakFile PrimaryIndexSize=185
[2022.03.08-23.54.02:249][  0]LogPakFile: PakFile PathHashIndexSize=101
[2022.03.08-23.54.02:249][  0]LogPakFile: PakFile FullDirectoryIndexSize=148
[2022.03.08-23.54.02:250][  0]LogShaderLibrary: Display: ShaderCodeLibraryPakFileMountedCallback: PakFile 'C:/Program Files/Epic Games/UE_4.27/FeaturePacks/StarterContent.upack' (chunk index -1, root 'root:/') mounted
[2022.03.08-23.54.02:250][  0]LogShaderLibrary: Display: ShaderCodeLibraryPakFileMountedCallback: pending pak file info (ChunkID:-1 Root:root:/ File:C:/Program Files/Epic Games/UE_4.27/FeaturePacks/StarterContent.upack)
[2022.03.08-23.54.02:250][  0]LogPakFile: OnPakFileMounted2Time == 0.000044
[2022.03.08-23.54.02:250][  0]LogPakFile: PakFile PrimaryIndexSize=190
[2022.03.08-23.54.02:250][  0]LogPakFile: PakFile PathHashIndexSize=101
[2022.03.08-23.54.02:250][  0]LogPakFile: PakFile FullDirectoryIndexSize=154
[2022.03.08-23.54.02:250][  0]LogShaderLibrary: Display: ShaderCodeLibraryPakFileMountedCallback: PakFile 'C:/Program Files/Epic Games/UE_4.27/FeaturePacks/TP_2DSideScroller.upack' (chunk index -1, root 'root:/') mounted
[2022.03.08-23.54.02:250][  0]LogShaderLibrary: Display: ShaderCodeLibraryPakFileMountedCallback: pending pak file info (ChunkID:-1 Root:root:/ File:C:/Program Files/Epic Games/UE_4.27/FeaturePacks/TP_2DSideScroller.upack)
[2022.03.08-23.54.02:250][  0]LogPakFile: OnPakFileMounted2Time == 0.000039
[2022.03.08-23.54.02:251][  0]LogPakFile: PakFile PrimaryIndexSize=192
[2022.03.08-23.54.02:251][  0]LogPakFile: PakFile PathHashIndexSize=101
[2022.03.08-23.54.02:251][  0]LogPakFile: PakFile FullDirectoryIndexSize=158
[2022.03.08-23.54.02:251][  0]LogShaderLibrary: Display: ShaderCodeLibraryPakFileMountedCallback: PakFile 'C:/Program Files/Epic Games/UE_4.27/FeaturePacks/TP_2DSideScrollerBP.upack' (chunk index -1, root 'root:/') mounted
[2022.03.08-23.54.02:251][  0]LogShaderLibrary: Display: ShaderCodeLibraryPakFileMountedCallback: pending pak file info (ChunkID:-1 Root:root:/ File:C:/Program Files/Epic Games/UE_4.27/FeaturePacks/TP_2DSideScrollerBP.upack)
[2022.03.08-23.54.02:251][  0]LogPakFile: OnPakFileMounted2Time == 0.000035
[2022.03.08-23.54.02:251][  0]LogPakFile: PakFile PrimaryIndexSize=182
[2022.03.08-23.54.02:251][  0]LogPakFile: PakFile PathHashIndexSize=101
[2022.03.08-23.54.02:251][  0]LogPakFile: PakFile FullDirectoryIndexSize=138
[2022.03.08-23.54.02:251][  0]LogShaderLibrary: Display: ShaderCodeLibraryPakFileMountedCallback: PakFile 'C:/Program Files/Epic Games/UE_4.27/FeaturePacks/TP_Flying.upack' (chunk index -1, root 'root:/') mounted
[2022.03.08-23.54.02:251][  0]LogShaderLibrary: Display: ShaderCodeLibraryPakFileMountedCallback: pending pak file info (ChunkID:-1 Root:root:/ File:C:/Program Files/Epic Games/UE_4.27/FeaturePacks/TP_Flying.upack)
[2022.03.08-23.54.02:251][  0]LogPakFile: OnPakFileMounted2Time == 0.000035
[2022.03.08-23.54.02:252][  0]LogPakFile: PakFile PrimaryIndexSize=184
[2022.03.08-23.54.02:252][  0]LogPakFile: PakFile PathHashIndexSize=101
[2022.03.08-23.54.02:252][  0]LogPakFile: PakFile FullDirectoryIndexSize=142
[2022.03.08-23.54.02:252][  0]LogShaderLibrary: Display: ShaderCodeLibraryPakFileMountedCallback: PakFile 'C:/Program Files/Epic Games/UE_4.27/FeaturePacks/TP_FlyingBP.upack' (chunk index -1, root 'root:/') mounted
[2022.03.08-23.54.02:252][  0]LogShaderLibrary: Display: ShaderCodeLibraryPakFileMountedCallback: pending pak file info (ChunkID:-1 Root:root:/ File:C:/Program Files/Epic Games/UE_4.27/FeaturePacks/TP_FlyingBP.upack)
[2022.03.08-23.54.02:252][  0]LogPakFile: OnPakFileMounted2Time == 0.000037
[2022.03.08-23.54.02:253][  0]LogPakFile: PakFile PrimaryIndexSize=188
[2022.03.08-23.54.02:253][  0]LogPakFile: PakFile PathHashIndexSize=101
[2022.03.08-23.54.02:253][  0]LogPakFile: PakFile FullDirectoryIndexSize=150
[2022.03.08-23.54.02:253][  0]LogShaderLibrary: Display: ShaderCodeLibraryPakFileMountedCallback: PakFile 'C:/Program Files/Epic Games/UE_4.27/FeaturePacks/TP_HandheldARBP.upack' (chunk index -1, root 'root:/') mounted
[2022.03.08-23.54.02:253][  0]LogShaderLibrary: Display: ShaderCodeLibraryPakFileMountedCallback: pending pak file info (ChunkID:-1 Root:root:/ File:C:/Program Files/Epic Games/UE_4.27/FeaturePacks/TP_HandheldARBP.upack)
[2022.03.08-23.54.02:253][  0]LogPakFile: OnPakFileMounted2Time == 0.000039
[2022.03.08-23.54.02:254][  0]LogPakFile: PakFile PrimaryIndexSize=182
[2022.03.08-23.54.02:254][  0]LogPakFile: PakFile PathHashIndexSize=101
[2022.03.08-23.54.02:254][  0]LogPakFile: PakFile FullDirectoryIndexSize=138
[2022.03.08-23.54.02:254][  0]LogShaderLibrary: Display: ShaderCodeLibraryPakFileMountedCallback: PakFile 'C:/Program Files/Epic Games/UE_4.27/FeaturePacks/TP_Puzzle.upack' (chunk index -1, root 'root:/') mounted
[2022.03.08-23.54.02:254][  0]LogShaderLibrary: Display: ShaderCodeLibraryPakFileMountedCallback: pending pak file info (ChunkID:-1 Root:root:/ File:C:/Program Files/Epic Games/UE_4.27/FeaturePacks/TP_Puzzle.upack)
[2022.03.08-23.54.02:254][  0]LogPakFile: OnPakFileMounted2Time == 0.000036
[2022.03.08-23.54.02:254][  0]LogPakFile: PakFile PrimaryIndexSize=184
[2022.03.08-23.54.02:254][  0]LogPakFile: PakFile PathHashIndexSize=101
[2022.03.08-23.54.02:254][  0]LogPakFile: PakFile FullDirectoryIndexSize=142
[2022.03.08-23.54.02:254][  0]LogShaderLibrary: Display: ShaderCodeLibraryPakFileMountedCallback: PakFile 'C:/Program Files/Epic Games/UE_4.27/FeaturePacks/TP_PuzzleBP.upack' (chunk index -1, root 'root:/') mounted
[2022.03.08-23.54.02:254][  0]LogShaderLibrary: Display: ShaderCodeLibraryPakFileMountedCallback: pending pak file info (ChunkID:-1 Root:root:/ File:C:/Program Files/Epic Games/UE_4.27/FeaturePacks/TP_PuzzleBP.upack)
[2022.03.08-23.54.02:254][  0]LogPakFile: OnPakFileMounted2Time == 0.000035
[2022.03.08-23.54.02:255][  0]LogPakFile: PakFile PrimaryIndexSize=183
[2022.03.08-23.54.02:255][  0]LogPakFile: PakFile PathHashIndexSize=101
[2022.03.08-23.54.02:255][  0]LogPakFile: PakFile FullDirectoryIndexSize=140
[2022.03.08-23.54.02:255][  0]LogShaderLibrary: Display: ShaderCodeLibraryPakFileMountedCallback: PakFile 'C:/Program Files/Epic Games/UE_4.27/FeaturePacks/TP_Rolling.upack' (chunk index -1, root 'root:/') mounted
[2022.03.08-23.54.02:255][  0]LogShaderLibrary: Display: ShaderCodeLibraryPakFileMountedCallback: pending pak file info (ChunkID:-1 Root:root:/ File:C:/Program Files/Epic Games/UE_4.27/FeaturePacks/TP_Rolling.upack)
[2022.03.08-23.54.02:255][  0]LogPakFile: OnPakFileMounted2Time == 0.000041
[2022.03.08-23.54.02:256][  0]LogPakFile: PakFile PrimaryIndexSize=185
[2022.03.08-23.54.02:256][  0]LogPakFile: PakFile PathHashIndexSize=101
[2022.03.08-23.54.02:256][  0]LogPakFile: PakFile FullDirectoryIndexSize=144
[2022.03.08-23.54.02:256][  0]LogShaderLibrary: Display: ShaderCodeLibraryPakFileMountedCallback: PakFile 'C:/Program Files/Epic Games/UE_4.27/FeaturePacks/TP_RollingBP.upack' (chunk index -1, root 'root:/') mounted
[2022.03.08-23.54.02:256][  0]LogShaderLibrary: Display: ShaderCodeLibraryPakFileMountedCallback: pending pak file info (ChunkID:-1 Root:root:/ File:C:/Program Files/Epic Games/UE_4.27/FeaturePacks/TP_RollingBP.upack)
[2022.03.08-23.54.02:256][  0]LogPakFile: OnPakFileMounted2Time == 0.000043
[2022.03.08-23.54.02:256][  0]LogPakFile: PakFile PrimaryIndexSize=188
[2022.03.08-23.54.02:256][  0]LogPakFile: PakFile PathHashIndexSize=101
[2022.03.08-23.54.02:256][  0]LogPakFile: PakFile FullDirectoryIndexSize=150
[2022.03.08-23.54.02:256][  0]LogShaderLibrary: Display: ShaderCodeLibraryPakFileMountedCallback: PakFile 'C:/Program Files/Epic Games/UE_4.27/FeaturePacks/TP_SideScroller.upack' (chunk index -1, root 'root:/') mounted
[2022.03.08-23.54.02:256][  0]LogShaderLibrary: Display: ShaderCodeLibraryPakFileMountedCallback: pending pak file info (ChunkID:-1 Root:root:/ File:C:/Program Files/Epic Games/UE_4.27/FeaturePacks/TP_SideScroller.upack)
[2022.03.08-23.54.02:256][  0]LogPakFile: OnPakFileMounted2Time == 0.000039
[2022.03.08-23.54.02:257][  0]LogPakFile: PakFile PrimaryIndexSize=190
[2022.03.08-23.54.02:257][  0]LogPakFile: PakFile PathHashIndexSize=101
[2022.03.08-23.54.02:257][  0]LogPakFile: PakFile FullDirectoryIndexSize=154
[2022.03.08-23.54.02:257][  0]LogShaderLibrary: Display: ShaderCodeLibraryPakFileMountedCallback: PakFile 'C:/Program Files/Epic Games/UE_4.27/FeaturePacks/TP_SideScrollerBP.upack' (chunk index -1, root 'root:/') mounted
[2022.03.08-23.54.02:257][  0]LogShaderLibrary: Display: ShaderCodeLibraryPakFileMountedCallback: pending pak file info (ChunkID:-1 Root:root:/ File:C:/Program Files/Epic Games/UE_4.27/FeaturePacks/TP_SideScrollerBP.upack)
[2022.03.08-23.54.02:257][  0]LogPakFile: OnPakFileMounted2Time == 0.000036
[2022.03.08-23.54.02:258][  0]LogPakFile: PakFile PrimaryIndexSize=187
[2022.03.08-23.54.02:258][  0]LogPakFile: PakFile PathHashIndexSize=101
[2022.03.08-23.54.02:258][  0]LogPakFile: PakFile FullDirectoryIndexSize=148
[2022.03.08-23.54.02:258][  0]LogShaderLibrary: Display: ShaderCodeLibraryPakFileMountedCallback: PakFile 'C:/Program Files/Epic Games/UE_4.27/FeaturePacks/TP_ThirdPerson.upack' (chunk index -1, root 'root:/') mounted
[2022.03.08-23.54.02:258][  0]LogShaderLibrary: Display: ShaderCodeLibraryPakFileMountedCallback: pending pak file info (ChunkID:-1 Root:root:/ File:C:/Program Files/Epic Games/UE_4.27/FeaturePacks/TP_ThirdPerson.upack)
[2022.03.08-23.54.02:258][  0]LogPakFile: OnPakFileMounted2Time == 0.000037
[2022.03.08-23.54.02:258][  0]LogPakFile: PakFile PrimaryIndexSize=189
[2022.03.08-23.54.02:258][  0]LogPakFile: PakFile PathHashIndexSize=101
[2022.03.08-23.54.02:258][  0]LogPakFile: PakFile FullDirectoryIndexSize=152
[2022.03.08-23.54.02:258][  0]LogShaderLibrary: Display: ShaderCodeLibraryPakFileMountedCallback: PakFile 'C:/Program Files/Epic Games/UE_4.27/FeaturePacks/TP_ThirdPersonBP.upack' (chunk index -1, root 'root:/') mounted
[2022.03.08-23.54.02:258][  0]LogShaderLibrary: Display: ShaderCodeLibraryPakFileMountedCallback: pending pak file info (ChunkID:-1 Root:root:/ File:C:/Program Files/Epic Games/UE_4.27/FeaturePacks/TP_ThirdPersonBP.upack)
[2022.03.08-23.54.02:258][  0]LogPakFile: OnPakFileMounted2Time == 0.000036
[2022.03.08-23.54.02:633][  0]LogPakFile: PakFile PrimaryIndexSize=183
[2022.03.08-23.54.02:633][  0]LogPakFile: PakFile PathHashIndexSize=101
[2022.03.08-23.54.02:633][  0]LogPakFile: PakFile FullDirectoryIndexSize=140
[2022.03.08-23.54.02:633][  0]LogShaderLibrary: Display: ShaderCodeLibraryPakFileMountedCallback: PakFile 'C:/Program Files/Epic Games/UE_4.27/FeaturePacks/TP_TopDown.upack' (chunk index -1, root 'root:/') mounted
[2022.03.08-23.54.02:633][  0]LogShaderLibrary: Display: ShaderCodeLibraryPakFileMountedCallback: pending pak file info (ChunkID:-1 Root:root:/ File:C:/Program Files/Epic Games/UE_4.27/FeaturePacks/TP_TopDown.upack)
[2022.03.08-23.54.02:633][  0]LogPakFile: OnPakFileMounted2Time == 0.000312
[2022.03.08-23.54.02:636][  0]LogPakFile: PakFile PrimaryIndexSize=185
[2022.03.08-23.54.02:636][  0]LogPakFile: PakFile PathHashIndexSize=101
[2022.03.08-23.54.02:636][  0]LogPakFile: PakFile FullDirectoryIndexSize=144
[2022.03.08-23.54.02:636][  0]LogShaderLibrary: Display: ShaderCodeLibraryPakFileMountedCallback: PakFile 'C:/Program Files/Epic Games/UE_4.27/FeaturePacks/TP_TopDownBP.upack' (chunk index -1, root 'root:/') mounted
[2022.03.08-23.54.02:637][  0]LogShaderLibrary: Display: ShaderCodeLibraryPakFileMountedCallback: pending pak file info (ChunkID:-1 Root:root:/ File:C:/Program Files/Epic Games/UE_4.27/FeaturePacks/TP_TopDownBP.upack)
[2022.03.08-23.54.02:637][  0]LogPakFile: OnPakFileMounted2Time == 0.000203
[2022.03.08-23.54.02:640][  0]LogPakFile: PakFile PrimaryIndexSize=185
[2022.03.08-23.54.02:640][  0]LogPakFile: PakFile PathHashIndexSize=101
[2022.03.08-23.54.02:640][  0]LogPakFile: PakFile FullDirectoryIndexSize=144
[2022.03.08-23.54.02:641][  0]LogShaderLibrary: Display: ShaderCodeLibraryPakFileMountedCallback: PakFile 'C:/Program Files/Epic Games/UE_4.27/FeaturePacks/TP_TwinStick.upack' (chunk index -1, root 'root:/') mounted
[2022.03.08-23.54.02:641][  0]LogShaderLibrary: Display: ShaderCodeLibraryPakFileMountedCallback: pending pak file info (ChunkID:-1 Root:root:/ File:C:/Program Files/Epic Games/UE_4.27/FeaturePacks/TP_TwinStick.upack)
[2022.03.08-23.54.02:641][  0]LogPakFile: OnPakFileMounted2Time == 0.000493
[2022.03.08-23.54.02:644][  0]LogPakFile: PakFile PrimaryIndexSize=187
[2022.03.08-23.54.02:645][  0]LogPakFile: PakFile PathHashIndexSize=101
[2022.03.08-23.54.02:645][  0]LogPakFile: PakFile FullDirectoryIndexSize=148
[2022.03.08-23.54.02:645][  0]LogShaderLibrary: Display: ShaderCodeLibraryPakFileMountedCallback: PakFile 'C:/Program Files/Epic Games/UE_4.27/FeaturePacks/TP_TwinStickBP.upack' (chunk index -1, root 'root:/') mounted
[2022.03.08-23.54.02:645][  0]LogShaderLibrary: Display: ShaderCodeLibraryPakFileMountedCallback: pending pak file info (ChunkID:-1 Root:root:/ File:C:/Program Files/Epic Games/UE_4.27/FeaturePacks/TP_TwinStickBP.upack)
[2022.03.08-23.54.02:645][  0]LogPakFile: OnPakFileMounted2Time == 0.000268
[2022.03.08-23.54.02:648][  0]LogPakFile: PakFile PrimaryIndexSize=183
[2022.03.08-23.54.02:649][  0]LogPakFile: PakFile PathHashIndexSize=101
[2022.03.08-23.54.02:649][  0]LogPakFile: PakFile FullDirectoryIndexSize=140
[2022.03.08-23.54.02:649][  0]LogShaderLibrary: Display: ShaderCodeLibraryPakFileMountedCallback: PakFile 'C:/Program Files/Epic Games/UE_4.27/FeaturePacks/TP_Vehicle.upack' (chunk index -1, root 'root:/') mounted
[2022.03.08-23.54.02:649][  0]LogShaderLibrary: Display: ShaderCodeLibraryPakFileMountedCallback: pending pak file info (ChunkID:-1 Root:root:/ File:C:/Program Files/Epic Games/UE_4.27/FeaturePacks/TP_Vehicle.upack)
[2022.03.08-23.54.02:649][  0]LogPakFile: OnPakFileMounted2Time == 0.000268
[2022.03.08-23.54.02:652][  0]LogPakFile: PakFile PrimaryIndexSize=186
[2022.03.08-23.54.02:653][  0]LogPakFile: PakFile PathHashIndexSize=101
[2022.03.08-23.54.02:653][  0]LogPakFile: PakFile FullDirectoryIndexSize=146
[2022.03.08-23.54.02:653][  0]LogShaderLibrary: Display: ShaderCodeLibraryPakFileMountedCallback: PakFile 'C:/Program Files/Epic Games/UE_4.27/FeaturePacks/TP_VehicleAdv.upack' (chunk index -1, root 'root:/') mounted
[2022.03.08-23.54.02:653][  0]LogShaderLibrary: Display: ShaderCodeLibraryPakFileMountedCallback: pending pak file info (ChunkID:-1 Root:root:/ File:C:/Program Files/Epic Games/UE_4.27/FeaturePacks/TP_VehicleAdv.upack)
[2022.03.08-23.54.02:653][  0]LogPakFile: OnPakFileMounted2Time == 0.000241
[2022.03.08-23.54.02:656][  0]LogPakFile: PakFile PrimaryIndexSize=188
[2022.03.08-23.54.02:657][  0]LogPakFile: PakFile PathHashIndexSize=101
[2022.03.08-23.54.02:657][  0]LogPakFile: PakFile FullDirectoryIndexSize=150
[2022.03.08-23.54.02:657][  0]LogShaderLibrary: Display: ShaderCodeLibraryPakFileMountedCallback: PakFile 'C:/Program Files/Epic Games/UE_4.27/FeaturePacks/TP_VehicleAdvBP.upack' (chunk index -1, root 'root:/') mounted
[2022.03.08-23.54.02:657][  0]LogShaderLibrary: Display: ShaderCodeLibraryPakFileMountedCallback: pending pak file info (ChunkID:-1 Root:root:/ File:C:/Program Files/Epic Games/UE_4.27/FeaturePacks/TP_VehicleAdvBP.upack)
[2022.03.08-23.54.02:658][  0]LogPakFile: OnPakFileMounted2Time == 0.000282
[2022.03.08-23.54.02:660][  0]LogPakFile: PakFile PrimaryIndexSize=185
[2022.03.08-23.54.02:660][  0]LogPakFile: PakFile PathHashIndexSize=101
[2022.03.08-23.54.02:660][  0]LogPakFile: PakFile FullDirectoryIndexSize=144
[2022.03.08-23.54.02:660][  0]LogShaderLibrary: Display: ShaderCodeLibraryPakFileMountedCallback: PakFile 'C:/Program Files/Epic Games/UE_4.27/FeaturePacks/TP_VehicleBP.upack' (chunk index -1, root 'root:/') mounted
[2022.03.08-23.54.02:660][  0]LogShaderLibrary: Display: ShaderCodeLibraryPakFileMountedCallback: pending pak file info (ChunkID:-1 Root:root:/ File:C:/Program Files/Epic Games/UE_4.27/FeaturePacks/TP_VehicleBP.upack)
[2022.03.08-23.54.02:660][  0]LogPakFile: OnPakFileMounted2Time == 0.000164
[2022.03.08-23.54.02:662][  0]LogPakFile: PakFile PrimaryIndexSize=192
[2022.03.08-23.54.02:663][  0]LogPakFile: PakFile PathHashIndexSize=101
[2022.03.08-23.54.02:663][  0]LogPakFile: PakFile FullDirectoryIndexSize=158
[2022.03.08-23.54.02:663][  0]LogShaderLibrary: Display: ShaderCodeLibraryPakFileMountedCallback: PakFile 'C:/Program Files/Epic Games/UE_4.27/FeaturePacks/TP_VirtualRealityBP.upack' (chunk index -1, root 'root:/') mounted
[2022.03.08-23.54.02:663][  0]LogShaderLibrary: Display: ShaderCodeLibraryPakFileMountedCallback: pending pak file info (ChunkID:-1 Root:root:/ File:C:/Program Files/Epic Games/UE_4.27/FeaturePacks/TP_VirtualRealityBP.upack)
[2022.03.08-23.54.02:663][  0]LogPakFile: OnPakFileMounted2Time == 0.000138
[2022.03.08-23.54.02:730][  0]LogNativeClassHierarchy: Verbose: Native class hierarchy updated for 'AddContentDialog' in 0.0003 seconds. Added 0 classes and 0 folders.
[2022.03.08-23.54.02:731][  0]LogNativeClassHierarchy: Verbose: Native class hierarchy updated for 'SceneOutliner' in 0.0002 seconds. Added 2 classes and 0 folders.
[2022.03.08-23.54.02:835][  0]LogSlate: Took 0.000225 seconds to synchronously load lazily loaded font '../../../Engine/Content/Slate/Fonts/Roboto-Regular.ttf' (155K)
[2022.03.08-23.54.02:836][  0]LogSlate: Took 0.000184 seconds to synchronously load lazily loaded font '../../../Engine/Content/Editor/Slate/Fonts/FontAwesome.ttf' (139K)
[2022.03.08-23.54.02:841][  0]LogSlate: Took 0.000190 seconds to synchronously load lazily loaded font '../../../Engine/Content/Slate/Fonts/Roboto-Bold.ttf' (160K)
[2022.03.08-23.54.02:933][  0]LogRenderer: Reallocating scene render targets to support 1088x300 Format 10 NumSamples 1 (Frame:1).
[2022.03.08-23.54.03:223][  0]LogNativeClassHierarchy: Verbose: Native class hierarchy updated for 'HierarchicalLODOutliner' in 0.0003 seconds. Added 0 classes and 0 folders.
[2022.03.08-23.54.03:223][  0]LogLoad: (Engine Initialization) Total time: 22.95 seconds
[2022.03.08-23.54.03:223][  0]LogLoad: (Engine Initialization) Total Blueprint compile time: 0.00 seconds
[2022.03.08-23.54.03:692][  0]LogContentStreaming: Texture pool size now 1000 MB
[2022.03.08-23.54.26:017][321]LogAssetRegistry: Asset discovery search completed in 40.9514 seconds
[2022.03.08-23.54.26:025][321]LogCollectionManager: Fixed up redirectors for 0 collections in 0.000005 seconds (updated 0 objects)
